


ARM Macro Assembler    Page 1 


    1 00000000         ;/******************************************************
                       ********************//**
    2 00000000         ; * @file     startup_LPC17xx.s
    3 00000000         ; * @brief    CMSIS Cortex-M3 Core Device Startup File f
                       or
    4 00000000         ; *           NXP LPC17xx Device Series
    5 00000000         ; * @version  V1.10
    6 00000000         ; * @date     06. April 2011
    7 00000000         ; *
    8 00000000         ; * @note
    9 00000000         ; * Copyright (C) 2009-2011 ARM Limited. All rights rese
                       rved.
   10 00000000         ; *
   11 00000000         ; * @par
   12 00000000         ; * ARM Limited (ARM) is supplying this software for use
                        with Cortex-M
   13 00000000         ; * processor based microcontrollers.  This file can be 
                       freely distributed
   14 00000000         ; * within development tools that are supporting such AR
                       M based processors.
   15 00000000         ; *
   16 00000000         ; * @par
   17 00000000         ; * THIS SOFTWARE IS PROVIDED "AS IS".  NO WARRANTIES, W
                       HETHER EXPRESS, IMPLIED
   18 00000000         ; * OR STATUTORY, INCLUDING, BUT NOT LIMITED TO, IMPLIED
                        WARRANTIES OF
   19 00000000         ; * MERCHANTABILITY AND FITNESS FOR A PARTICULAR PURPOSE
                        APPLY TO THIS SOFTWARE.
   20 00000000         ; * ARM SHALL NOT, IN ANY CIRCUMSTANCES, BE LIABLE FOR S
                       PECIAL, INCIDENTAL, OR
   21 00000000         ; * CONSEQUENTIAL DAMAGES, FOR ANY REASON WHATSOEVER.
   22 00000000         ; *
   23 00000000         ; ******************************************************
                       ************************/
   24 00000000         
   25 00000000         ; *------- <<< Use Configuration Wizard in Context Menu 
                       >>> ------------------
   26 00000000         
   27 00000000         ; <h> Stack Configuration
   28 00000000         ;   <o> Stack Size (in Bytes) <0x0-0xFFFFFFFF:8>
   29 00000000         ; </h>
   30 00000000         
   31 00000000 00000200 
                       Stack_Size
                               EQU              0x00000200
   32 00000000         
   33 00000000                 AREA             STACK, NOINIT, READWRITE, ALIGN
=3
   34 00000000         Stack_Mem
                               SPACE            Stack_Size
   35 00000200         __initial_sp
   36 00000200         
   37 00000200         
   38 00000200         ; <h> Heap Configuration
   39 00000200         ;   <o>  Heap Size (in Bytes) <0x0-0xFFFFFFFF:8>
   40 00000200         ; </h>
   41 00000200         
   42 00000200 00000000 
                       Heap_Size



ARM Macro Assembler    Page 2 


                               EQU              0x00000000
   43 00000200         
   44 00000200                 AREA             HEAP, NOINIT, READWRITE, ALIGN=
3
   45 00000000         __heap_base
   46 00000000         Heap_Mem
                               SPACE            Heap_Size
   47 00000000         __heap_limit
   48 00000000         
   49 00000000         
   50 00000000                 PRESERVE8
   51 00000000                 THUMB
   52 00000000         
   53 00000000         
   54 00000000         ; Vector Table Mapped to Address 0 at Reset
   55 00000000         
   56 00000000                 AREA             RESET, DATA, READONLY
   57 00000000                 EXPORT           __Vectors
   58 00000000         
   59 00000000 00000000 
                       __Vectors
                               DCD              __initial_sp ; Top of Stack
   60 00000004 00000000        DCD              Reset_Handler ; Reset Handler
   61 00000008 00000000        DCD              NMI_Handler ; NMI Handler
   62 0000000C 00000000        DCD              HardFault_Handler ; Hard Fault 
                                                            Handler
   63 00000010 00000000        DCD              MemManage_Handler 
                                                            ; MPU Fault Handler
                                                            
   64 00000014 00000000        DCD              BusFault_Handler 
                                                            ; Bus Fault Handler
                                                            
   65 00000018 00000000        DCD              UsageFault_Handler ; Usage Faul
                                                            t Handler
   66 0000001C 00000000        DCD              0           ; Reserved
   67 00000020 00000000        DCD              0           ; Reserved
   68 00000024 00000000        DCD              0           ; Reserved
   69 00000028 00000000        DCD              0           ; Reserved
   70 0000002C 00000000        DCD              SVC_Handler ; SVCall Handler
   71 00000030 00000000        DCD              DebugMon_Handler ; Debug Monito
                                                            r Handler
   72 00000034 00000000        DCD              0           ; Reserved
   73 00000038 00000000        DCD              PendSV_Handler ; PendSV Handler
                                                            
   74 0000003C 00000000        DCD              SysTick_Handler 
                                                            ; SysTick Handler
   75 00000040         
   76 00000040         ; External Interrupts
   77 00000040 00000000        DCD              WDT_IRQHandler ; 16: Watchdog T
                                                            imer
   78 00000044 00000000        DCD              TIMER0_IRQHandler ; 17: Timer0
   79 00000048 00000000        DCD              TIMER1_IRQHandler ; 18: Timer1
   80 0000004C 00000000        DCD              TIMER2_IRQHandler ; 19: Timer2
   81 00000050 00000000        DCD              TIMER3_IRQHandler ; 20: Timer3
   82 00000054 00000000        DCD              UART0_IRQHandler ; 21: UART0
   83 00000058 00000000        DCD              UART1_IRQHandler ; 22: UART1
   84 0000005C 00000000        DCD              UART2_IRQHandler ; 23: UART2
   85 00000060 00000000        DCD              UART3_IRQHandler ; 24: UART3
   86 00000064 00000000        DCD              PWM1_IRQHandler ; 25: PWM1



ARM Macro Assembler    Page 3 


   87 00000068 00000000        DCD              I2C0_IRQHandler ; 26: I2C0
   88 0000006C 00000000        DCD              I2C1_IRQHandler ; 27: I2C1
   89 00000070 00000000        DCD              I2C2_IRQHandler ; 28: I2C2
   90 00000074 00000000        DCD              SPI_IRQHandler ; 29: SPI
   91 00000078 00000000        DCD              SSP0_IRQHandler ; 30: SSP0
   92 0000007C 00000000        DCD              SSP1_IRQHandler ; 31: SSP1
   93 00000080 00000000        DCD              PLL0_IRQHandler ; 32: PLL0 Lock
                                                             (Main PLL)
   94 00000084 00000000        DCD              RTC_IRQHandler ; 33: Real Time 
                                                            Clock
   95 00000088 00000000        DCD              EINT0_IRQHandler ; 34: External
                                                             Interrupt 0
   96 0000008C 00000000        DCD              EINT1_IRQHandler ; 35: External
                                                             Interrupt 1
   97 00000090 00000000        DCD              EINT2_IRQHandler ; 36: External
                                                             Interrupt 2
   98 00000094 00000000        DCD              EINT3_IRQHandler ; 37: External
                                                             Interrupt 3
   99 00000098 00000000        DCD              ADC_IRQHandler 
                                                            ; 38: A/D Converter
                                                            
  100 0000009C 00000000        DCD              BOD_IRQHandler ; 39: Brown-Out 
                                                            Detect
  101 000000A0 00000000        DCD              USB_IRQHandler ; 40: USB
  102 000000A4 00000000        DCD              CAN_IRQHandler ; 41: CAN
  103 000000A8 00000000        DCD              DMA_IRQHandler ; 42: General Pu
                                                            rpose DMA
  104 000000AC 00000000        DCD              I2S_IRQHandler ; 43: I2S
  105 000000B0 00000000        DCD              ENET_IRQHandler ; 44: Ethernet
  106 000000B4 00000000        DCD              RIT_IRQHandler ; 45: Repetitive
                                                             Interrupt Timer
  107 000000B8 00000000        DCD              MCPWM_IRQHandler ; 46: Motor Co
                                                            ntrol PWM
  108 000000BC 00000000        DCD              QEI_IRQHandler ; 47: Quadrature
                                                             Encoder Interface
  109 000000C0 00000000        DCD              PLL1_IRQHandler ; 48: PLL1 Lock
                                                             (USB PLL)
  110 000000C4 00000000        DCD              USBActivity_IRQHandler ; 49: US
                                                            B Activity interrup
                                                            t to wakeup
  111 000000C8 00000000        DCD              CANActivity_IRQHandler ; 50: CA
                                                            N Activity interrup
                                                            t to wakeup
  112 000000CC         
  113 000000CC         
  114 000000CC                 IF               :LNOT::DEF:NO_CRP
  115 000000CC                 AREA             |.ARM.__at_0x02FC|, CODE, READO
NLY
  116 00000000 FFFFFFFF 
                       CRP_Key DCD              0xFFFFFFFF
  117 00000004                 ENDIF
  118 00000004         
  119 00000004         
  120 00000004                 AREA             |.text|, CODE, READONLY, align=
3
  121 00000000         
  122 00000000         
  123 00000000         ; Reset Handler
  124 00000000        2 



ARM Macro Assembler    Page 4 


                       value   RN               R2
  125 00000000        7 
                       count   RN               R7
  126 00000000        3 
                       index   RN               R3
  127 00000000         
  128 00000000         Reset_Handler
                               PROC
  129 00000000                 EXPORT           Reset_Handler             [WEAK
]
  130 00000000 4816            LDR              R0, =Reset_Handler
  131 00000002         
  132 00000002         ; your code here
  133 00000002         ;MOV value, #0xB0B0B0B0 ;even
  134 00000002 F04F 32A0       MOV              value, #0xA0A0A0A0 ;odd
  135 00000006 F04F 0320       MOV              index, #32
  136 0000000A F04F 0700       MOV              count, #0
  137 0000000E         
  138 0000000E         ;1101 0001 = D 1 = 209
  139 0000000E         ;1010 0010 = A 2 = 162
  140 0000000E         ;0100 0100 = 4 4 = 68
  141 0000000E         ;1000 1000 = 8 8 = 136
  142 0000000E         ;0001 0000 = 1 0 = 16
  143 0000000E         ;0010 0000 = 2 0 = 32
  144 0000000E         ;0100 0000 = 4 0 = 64
  145 0000000E         ;1000 0000 = 8 0 = 128
  146 0000000E         ;0000 0000 = 0 0 = 0
  147 0000000E         
  148 0000000E         ;1001 0101 = 9 5 = 149
  149 0000000E         ;0010 1010 = 2 A = 42
  150 0000000E         ;0101 0100 = 5 4 = 84
  151 0000000E         ;1010 1000 = A 8 = 168
  152 0000000E         ;0101 0000 = 5 0 = 80
  153 0000000E         ;1010 0000 = A 0 = 160
  154 0000000E         ;0100 0000 = 4 0 = 64
  155 0000000E         ;1000 0000 = 8 0 = 128
  156 0000000E         ;0000 0000 = 0 0 = 0
  157 0000000E         
  158 0000000E         ;1001 0001 = 9 1 = 145
  159 0000000E         ;0010 0010 = 4 2 = 34
  160 0000000E         ;0100 0100 = 4 4 = 68
  161 0000000E         ;1000 1000 = 8 8 = 136
  162 0000000E         ;0001 0000 = 1 0 = 16
  163 0000000E         ;0010 0000 = 2 0 = 32
  164 0000000E         ;0100 0000 = 4 0 = 64
  165 0000000E         ;1000 0000 = 8 0 = 128
  166 0000000E         ;0000 0000 = 0 0 = 0
  167 0000000E         
  168 0000000E         ; I can check looking the value sequence or
  169 0000000E         ; simply playing with flags
  170 0000000E         
  171 0000000E         ;PL  N = 0
  172 0000000E         ;MI  N = 1
  173 0000000E         ;zeros     N flag
  174 0000000E         ;1011 0000 = B 0 = 176  value 0  0
  175 0000000E         ;0110 0001 = 6 1 = 97 var  0  1
  176 0000000E         ;1100 0010 = C 2 = 194   1  0
  177 0000000E         ;1000 0101 = 8 5 = 133   0  0
  178 0000000E         ;0000 1011 = 0 B = 11   0  0



ARM Macro Assembler    Page 5 


  179 0000000E         ;0001 0110 = 1 6 = 22   1  1
  180 0000000E         ;0010 1100 = 2 C = 44   2  1
  181 0000000E         ;0101 1000 = 5 8 = 88   3  1
  182 0000000E         ;1011 0000 = B 0 = 176   4  1
  183 0000000E         ;0110 0001 = 6 1 = 97   0  0 stop
  184 0000000E         ;1100 0010 = C 2 = 194   1  
  185 0000000E         ;1000 0101 = 8 5 = 133   0
  186 0000000E         ;0000 1011 = 0 B = 11   0
  187 0000000E         
  188 0000000E         ;1011 0000 1011 0000 1011 0000
  189 0000000E         
  190 0000000E         loop
  191 0000000E F1A3 0301       SUB              index, index, #1 ;index--
  192 00000012 2B00            CMP              index, #0
  193 00000014 D012            BEQ              exit        ;if(index == 0) got
                                                            o exit
  194 00000016         
  195 00000016 0052            LSLS             value, #1
  196 00000018 D2F9            BCS              loop        ;if(C flag = 1) got
                                                            o loop
  197 0000001A         
  198 0000001A F1A3 0301       SUB              index, index, #1 ;index--
  199 0000001E 2B00            CMP              index, #0
  200 00000020 D00C            BEQ              exit        ;if(index == 0) got
                                                            o exit
  201 00000022         
  202 00000022 0052            LSLS             value, #1
  203 00000024 D2F3            BCS              loop        ;if(C flag = 1) got
                                                            o loop
  204 00000026         
  205 00000026 F107 0702       ADD              count, count, #2
  206 0000002A         
  207 0000002A         counter
  208 0000002A F1A3 0301       SUB              index, index, #1 ;index--
  209 0000002E 2B00            CMP              index, #0
  210 00000030 D004            BEQ              exit        ;if(index == 0) got
                                                            o exit
  211 00000032         
  212 00000032 0052            LSLS             value, #1
  213 00000034 D202            BCS              exit        ;if(C flag = 1) got
                                                            o loop
  214 00000036 F107 0701       ADD              count, count, #1 ;count++
  215 0000003A E7F6            B                counter
  216 0000003C         
  217 0000003C         exit
  218 0000003C F017 0F01       TST              count, #1   ;count && 0x1
  219 00000040 BF14 18D4       ADDNE            R4, R2, R3  ;odd N = 0
  220 00000044 1AD4            SUBEQ            R4, R2, R3  ;even N = 1
  221 00000046         
  222 00000046 4700            BX               R0
  223 00000048                 ENDP
  224 00000048         
  225 00000048         
  226 00000048         ; Dummy Exception Handlers (infinite loops which can be 
                       modified)
  227 00000048         
  228 00000048         NMI_Handler
                               PROC
  229 00000048                 EXPORT           NMI_Handler               [WEAK



ARM Macro Assembler    Page 6 


]
  230 00000048 E7FE            B                .
  231 0000004A                 ENDP
  233 0000004A         HardFault_Handler
                               PROC
  234 0000004A                 EXPORT           HardFault_Handler         [WEAK
]
  235 0000004A E7FE            B                .
  236 0000004C                 ENDP
  238 0000004C         MemManage_Handler
                               PROC
  239 0000004C                 EXPORT           MemManage_Handler         [WEAK
]
  240 0000004C E7FE            B                .
  241 0000004E                 ENDP
  243 0000004E         BusFault_Handler
                               PROC
  244 0000004E                 EXPORT           BusFault_Handler          [WEAK
]
  245 0000004E E7FE            B                .
  246 00000050                 ENDP
  248 00000050         UsageFault_Handler
                               PROC
  249 00000050                 EXPORT           UsageFault_Handler        [WEAK
]
  250 00000050 E7FE            B                .
  251 00000052                 ENDP
  252 00000052         SVC_Handler
                               PROC
  253 00000052                 EXPORT           SVC_Handler               [WEAK
]
  254 00000052 E7FE            B                .
  255 00000054                 ENDP
  257 00000054         DebugMon_Handler
                               PROC
  258 00000054                 EXPORT           DebugMon_Handler          [WEAK
]
  259 00000054 E7FE            B                .
  260 00000056                 ENDP
  261 00000056         PendSV_Handler
                               PROC
  262 00000056                 EXPORT           PendSV_Handler            [WEAK
]
  263 00000056 E7FE            B                .
  264 00000058                 ENDP
  265 00000058         SysTick_Handler
                               PROC
  266 00000058                 EXPORT           SysTick_Handler           [WEAK
]
  267 00000058 E7FE            B                .
  268 0000005A                 ENDP
  269 0000005A         
  270 0000005A         Default_Handler
                               PROC
  271 0000005A         
  272 0000005A                 EXPORT           WDT_IRQHandler            [WEAK
]
  273 0000005A                 EXPORT           TIMER0_IRQHandler         [WEAK
]



ARM Macro Assembler    Page 7 


  274 0000005A                 EXPORT           TIMER1_IRQHandler         [WEAK
]
  275 0000005A                 EXPORT           TIMER2_IRQHandler         [WEAK
]
  276 0000005A                 EXPORT           TIMER3_IRQHandler         [WEAK
]
  277 0000005A                 EXPORT           UART0_IRQHandler          [WEAK
]
  278 0000005A                 EXPORT           UART1_IRQHandler          [WEAK
]
  279 0000005A                 EXPORT           UART2_IRQHandler          [WEAK
]
  280 0000005A                 EXPORT           UART3_IRQHandler          [WEAK
]
  281 0000005A                 EXPORT           PWM1_IRQHandler           [WEAK
]
  282 0000005A                 EXPORT           I2C0_IRQHandler           [WEAK
]
  283 0000005A                 EXPORT           I2C1_IRQHandler           [WEAK
]
  284 0000005A                 EXPORT           I2C2_IRQHandler           [WEAK
]
  285 0000005A                 EXPORT           SPI_IRQHandler            [WEAK
]
  286 0000005A                 EXPORT           SSP0_IRQHandler           [WEAK
]
  287 0000005A                 EXPORT           SSP1_IRQHandler           [WEAK
]
  288 0000005A                 EXPORT           PLL0_IRQHandler           [WEAK
]
  289 0000005A                 EXPORT           RTC_IRQHandler            [WEAK
]
  290 0000005A                 EXPORT           EINT0_IRQHandler          [WEAK
]
  291 0000005A                 EXPORT           EINT1_IRQHandler          [WEAK
]
  292 0000005A                 EXPORT           EINT2_IRQHandler          [WEAK
]
  293 0000005A                 EXPORT           EINT3_IRQHandler          [WEAK
]
  294 0000005A                 EXPORT           ADC_IRQHandler            [WEAK
]
  295 0000005A                 EXPORT           BOD_IRQHandler            [WEAK
]
  296 0000005A                 EXPORT           USB_IRQHandler            [WEAK
]
  297 0000005A                 EXPORT           CAN_IRQHandler            [WEAK
]
  298 0000005A                 EXPORT           DMA_IRQHandler            [WEAK
]
  299 0000005A                 EXPORT           I2S_IRQHandler            [WEAK
]
  300 0000005A                 EXPORT           ENET_IRQHandler           [WEAK
]
  301 0000005A                 EXPORT           RIT_IRQHandler            [WEAK
]
  302 0000005A                 EXPORT           MCPWM_IRQHandler          [WEAK
]
  303 0000005A                 EXPORT           QEI_IRQHandler            [WEAK



ARM Macro Assembler    Page 8 


]
  304 0000005A                 EXPORT           PLL1_IRQHandler           [WEAK
]
  305 0000005A                 EXPORT           USBActivity_IRQHandler    [WEAK
]
  306 0000005A                 EXPORT           CANActivity_IRQHandler    [WEAK
]
  307 0000005A         
  308 0000005A         WDT_IRQHandler
  309 0000005A         TIMER0_IRQHandler
  310 0000005A         TIMER1_IRQHandler
  311 0000005A         TIMER2_IRQHandler
  312 0000005A         TIMER3_IRQHandler
  313 0000005A         UART0_IRQHandler
  314 0000005A         UART1_IRQHandler
  315 0000005A         UART2_IRQHandler
  316 0000005A         UART3_IRQHandler
  317 0000005A         PWM1_IRQHandler
  318 0000005A         I2C0_IRQHandler
  319 0000005A         I2C1_IRQHandler
  320 0000005A         I2C2_IRQHandler
  321 0000005A         SPI_IRQHandler
  322 0000005A         SSP0_IRQHandler
  323 0000005A         SSP1_IRQHandler
  324 0000005A         PLL0_IRQHandler
  325 0000005A         RTC_IRQHandler
  326 0000005A         EINT0_IRQHandler
  327 0000005A         EINT1_IRQHandler
  328 0000005A         EINT2_IRQHandler
  329 0000005A         EINT3_IRQHandler
  330 0000005A         ADC_IRQHandler
  331 0000005A         BOD_IRQHandler
  332 0000005A         USB_IRQHandler
  333 0000005A         CAN_IRQHandler
  334 0000005A         DMA_IRQHandler
  335 0000005A         I2S_IRQHandler
  336 0000005A         ENET_IRQHandler
  337 0000005A         RIT_IRQHandler
  338 0000005A         MCPWM_IRQHandler
  339 0000005A         QEI_IRQHandler
  340 0000005A         PLL1_IRQHandler
  341 0000005A         USBActivity_IRQHandler
  342 0000005A         CANActivity_IRQHandler
  343 0000005A         
  344 0000005A E7FE            B                .
  345 0000005C         
  346 0000005C                 ENDP
  347 0000005C         
  348 0000005C         
  349 0000005C                 ALIGN
  350 0000005C         
  351 0000005C         
  352 0000005C         ; User Initial Stack & Heap
  353 0000005C         
  354 0000005C                 EXPORT           __initial_sp
  355 0000005C                 EXPORT           __heap_base
  356 0000005C                 EXPORT           __heap_limit
  357 0000005C         
  358 0000005C                 END



ARM Macro Assembler    Page 9 


              00000000 
Command Line: --debug --xref --diag_suppress=9931 --cpu=Cortex-M3 --apcs=interw
ork --depend=.\startup.d -o.\startup.o -I.\RTE\_Target_1 -IC:\Users\eliom\AppDa
ta\Local\Arm\Packs\ARM\CMSIS\5.9.0\CMSIS\Core\Include -IC:\Users\eliom\AppData\
Local\Arm\Packs\Keil\LPC1700_DFP\2.7.1\Device\Include --predefine="__EVAL SETA 
1" --predefine="__UVISION_VERSION SETA 536" --predefine="_RTE_ SETA 1" --predef
ine="LPC175x_6x SETA 1" --predefine="_RTE_ SETA 1" --list=.\startup.lst startup
.s



ARM Macro Assembler    Page 1 Alphabetic symbol ordering
Relocatable symbols

STACK 00000000

Symbol: STACK
   Definitions
      At line 33 in file startup.s
   Uses
      None
Comment: STACK unused
Stack_Mem 00000000

Symbol: Stack_Mem
   Definitions
      At line 34 in file startup.s
   Uses
      None
Comment: Stack_Mem unused
__initial_sp 00000200

Symbol: __initial_sp
   Definitions
      At line 35 in file startup.s
   Uses
      At line 59 in file startup.s
      At line 354 in file startup.s

3 symbols



ARM Macro Assembler    Page 1 Alphabetic symbol ordering
Relocatable symbols

HEAP 00000000

Symbol: HEAP
   Definitions
      At line 44 in file startup.s
   Uses
      None
Comment: HEAP unused
Heap_Mem 00000000

Symbol: Heap_Mem
   Definitions
      At line 46 in file startup.s
   Uses
      None
Comment: Heap_Mem unused
__heap_base 00000000

Symbol: __heap_base
   Definitions
      At line 45 in file startup.s
   Uses
      At line 355 in file startup.s
Comment: __heap_base used once
__heap_limit 00000000

Symbol: __heap_limit
   Definitions
      At line 47 in file startup.s
   Uses
      At line 356 in file startup.s
Comment: __heap_limit used once
4 symbols



ARM Macro Assembler    Page 1 Alphabetic symbol ordering
Relocatable symbols

RESET 00000000

Symbol: RESET
   Definitions
      At line 56 in file startup.s
   Uses
      None
Comment: RESET unused
__Vectors 00000000

Symbol: __Vectors
   Definitions
      At line 59 in file startup.s
   Uses
      At line 57 in file startup.s
Comment: __Vectors used once
2 symbols



ARM Macro Assembler    Page 1 Alphabetic symbol ordering
Relocatable symbols

.ARM.__at_0x02FC 00000000

Symbol: .ARM.__at_0x02FC
   Definitions
      At line 115 in file startup.s
   Uses
      None
Comment: .ARM.__at_0x02FC unused
CRP_Key 00000000

Symbol: CRP_Key
   Definitions
      At line 116 in file startup.s
   Uses
      None
Comment: CRP_Key unused
2 symbols



ARM Macro Assembler    Page 1 Alphabetic symbol ordering
Relocatable symbols

.text 00000000

Symbol: .text
   Definitions
      At line 120 in file startup.s
   Uses
      None
Comment: .text unused
ADC_IRQHandler 0000005A

Symbol: ADC_IRQHandler
   Definitions
      At line 330 in file startup.s
   Uses
      At line 99 in file startup.s
      At line 294 in file startup.s

BOD_IRQHandler 0000005A

Symbol: BOD_IRQHandler
   Definitions
      At line 331 in file startup.s
   Uses
      At line 100 in file startup.s
      At line 295 in file startup.s

BusFault_Handler 0000004E

Symbol: BusFault_Handler
   Definitions
      At line 243 in file startup.s
   Uses
      At line 64 in file startup.s
      At line 244 in file startup.s

CANActivity_IRQHandler 0000005A

Symbol: CANActivity_IRQHandler
   Definitions
      At line 342 in file startup.s
   Uses
      At line 111 in file startup.s
      At line 306 in file startup.s

CAN_IRQHandler 0000005A

Symbol: CAN_IRQHandler
   Definitions
      At line 333 in file startup.s
   Uses
      At line 102 in file startup.s
      At line 297 in file startup.s

DMA_IRQHandler 0000005A

Symbol: DMA_IRQHandler
   Definitions
      At line 334 in file startup.s
   Uses



ARM Macro Assembler    Page 2 Alphabetic symbol ordering
Relocatable symbols

      At line 103 in file startup.s
      At line 298 in file startup.s

DebugMon_Handler 00000054

Symbol: DebugMon_Handler
   Definitions
      At line 257 in file startup.s
   Uses
      At line 71 in file startup.s
      At line 258 in file startup.s

Default_Handler 0000005A

Symbol: Default_Handler
   Definitions
      At line 270 in file startup.s
   Uses
      None
Comment: Default_Handler unused
EINT0_IRQHandler 0000005A

Symbol: EINT0_IRQHandler
   Definitions
      At line 326 in file startup.s
   Uses
      At line 95 in file startup.s
      At line 290 in file startup.s

EINT1_IRQHandler 0000005A

Symbol: EINT1_IRQHandler
   Definitions
      At line 327 in file startup.s
   Uses
      At line 96 in file startup.s
      At line 291 in file startup.s

EINT2_IRQHandler 0000005A

Symbol: EINT2_IRQHandler
   Definitions
      At line 328 in file startup.s
   Uses
      At line 97 in file startup.s
      At line 292 in file startup.s

EINT3_IRQHandler 0000005A

Symbol: EINT3_IRQHandler
   Definitions
      At line 329 in file startup.s
   Uses
      At line 98 in file startup.s
      At line 293 in file startup.s

ENET_IRQHandler 0000005A

Symbol: ENET_IRQHandler



ARM Macro Assembler    Page 3 Alphabetic symbol ordering
Relocatable symbols

   Definitions
      At line 336 in file startup.s
   Uses
      At line 105 in file startup.s
      At line 300 in file startup.s

HardFault_Handler 0000004A

Symbol: HardFault_Handler
   Definitions
      At line 233 in file startup.s
   Uses
      At line 62 in file startup.s
      At line 234 in file startup.s

I2C0_IRQHandler 0000005A

Symbol: I2C0_IRQHandler
   Definitions
      At line 318 in file startup.s
   Uses
      At line 87 in file startup.s
      At line 282 in file startup.s

I2C1_IRQHandler 0000005A

Symbol: I2C1_IRQHandler
   Definitions
      At line 319 in file startup.s
   Uses
      At line 88 in file startup.s
      At line 283 in file startup.s

I2C2_IRQHandler 0000005A

Symbol: I2C2_IRQHandler
   Definitions
      At line 320 in file startup.s
   Uses
      At line 89 in file startup.s
      At line 284 in file startup.s

I2S_IRQHandler 0000005A

Symbol: I2S_IRQHandler
   Definitions
      At line 335 in file startup.s
   Uses
      At line 104 in file startup.s
      At line 299 in file startup.s

MCPWM_IRQHandler 0000005A

Symbol: MCPWM_IRQHandler
   Definitions
      At line 338 in file startup.s
   Uses
      At line 107 in file startup.s
      At line 302 in file startup.s



ARM Macro Assembler    Page 4 Alphabetic symbol ordering
Relocatable symbols


MemManage_Handler 0000004C

Symbol: MemManage_Handler
   Definitions
      At line 238 in file startup.s
   Uses
      At line 63 in file startup.s
      At line 239 in file startup.s

NMI_Handler 00000048

Symbol: NMI_Handler
   Definitions
      At line 228 in file startup.s
   Uses
      At line 61 in file startup.s
      At line 229 in file startup.s

PLL0_IRQHandler 0000005A

Symbol: PLL0_IRQHandler
   Definitions
      At line 324 in file startup.s
   Uses
      At line 93 in file startup.s
      At line 288 in file startup.s

PLL1_IRQHandler 0000005A

Symbol: PLL1_IRQHandler
   Definitions
      At line 340 in file startup.s
   Uses
      At line 109 in file startup.s
      At line 304 in file startup.s

PWM1_IRQHandler 0000005A

Symbol: PWM1_IRQHandler
   Definitions
      At line 317 in file startup.s
   Uses
      At line 86 in file startup.s
      At line 281 in file startup.s

PendSV_Handler 00000056

Symbol: PendSV_Handler
   Definitions
      At line 261 in file startup.s
   Uses
      At line 73 in file startup.s
      At line 262 in file startup.s

QEI_IRQHandler 0000005A

Symbol: QEI_IRQHandler
   Definitions



ARM Macro Assembler    Page 5 Alphabetic symbol ordering
Relocatable symbols

      At line 339 in file startup.s
   Uses
      At line 108 in file startup.s
      At line 303 in file startup.s

RIT_IRQHandler 0000005A

Symbol: RIT_IRQHandler
   Definitions
      At line 337 in file startup.s
   Uses
      At line 106 in file startup.s
      At line 301 in file startup.s

RTC_IRQHandler 0000005A

Symbol: RTC_IRQHandler
   Definitions
      At line 325 in file startup.s
   Uses
      At line 94 in file startup.s
      At line 289 in file startup.s

Reset_Handler 00000000

Symbol: Reset_Handler
   Definitions
      At line 128 in file startup.s
   Uses
      At line 60 in file startup.s
      At line 129 in file startup.s
      At line 130 in file startup.s

SPI_IRQHandler 0000005A

Symbol: SPI_IRQHandler
   Definitions
      At line 321 in file startup.s
   Uses
      At line 90 in file startup.s
      At line 285 in file startup.s

SSP0_IRQHandler 0000005A

Symbol: SSP0_IRQHandler
   Definitions
      At line 322 in file startup.s
   Uses
      At line 91 in file startup.s
      At line 286 in file startup.s

SSP1_IRQHandler 0000005A

Symbol: SSP1_IRQHandler
   Definitions
      At line 323 in file startup.s
   Uses
      At line 92 in file startup.s
      At line 287 in file startup.s



ARM Macro Assembler    Page 6 Alphabetic symbol ordering
Relocatable symbols


SVC_Handler 00000052

Symbol: SVC_Handler
   Definitions
      At line 252 in file startup.s
   Uses
      At line 70 in file startup.s
      At line 253 in file startup.s

SysTick_Handler 00000058

Symbol: SysTick_Handler
   Definitions
      At line 265 in file startup.s
   Uses
      At line 74 in file startup.s
      At line 266 in file startup.s

TIMER0_IRQHandler 0000005A

Symbol: TIMER0_IRQHandler
   Definitions
      At line 309 in file startup.s
   Uses
      At line 78 in file startup.s
      At line 273 in file startup.s

TIMER1_IRQHandler 0000005A

Symbol: TIMER1_IRQHandler
   Definitions
      At line 310 in file startup.s
   Uses
      At line 79 in file startup.s
      At line 274 in file startup.s

TIMER2_IRQHandler 0000005A

Symbol: TIMER2_IRQHandler
   Definitions
      At line 311 in file startup.s
   Uses
      At line 80 in file startup.s
      At line 275 in file startup.s

TIMER3_IRQHandler 0000005A

Symbol: TIMER3_IRQHandler
   Definitions
      At line 312 in file startup.s
   Uses
      At line 81 in file startup.s
      At line 276 in file startup.s

UART0_IRQHandler 0000005A

Symbol: UART0_IRQHandler
   Definitions



ARM Macro Assembler    Page 7 Alphabetic symbol ordering
Relocatable symbols

      At line 313 in file startup.s
   Uses
      At line 82 in file startup.s
      At line 277 in file startup.s

UART1_IRQHandler 0000005A

Symbol: UART1_IRQHandler
   Definitions
      At line 314 in file startup.s
   Uses
      At line 83 in file startup.s
      At line 278 in file startup.s

UART2_IRQHandler 0000005A

Symbol: UART2_IRQHandler
   Definitions
      At line 315 in file startup.s
   Uses
      At line 84 in file startup.s
      At line 279 in file startup.s

UART3_IRQHandler 0000005A

Symbol: UART3_IRQHandler
   Definitions
      At line 316 in file startup.s
   Uses
      At line 85 in file startup.s
      At line 280 in file startup.s

USBActivity_IRQHandler 0000005A

Symbol: USBActivity_IRQHandler
   Definitions
      At line 341 in file startup.s
   Uses
      At line 110 in file startup.s
      At line 305 in file startup.s

USB_IRQHandler 0000005A

Symbol: USB_IRQHandler
   Definitions
      At line 332 in file startup.s
   Uses
      At line 101 in file startup.s
      At line 296 in file startup.s

UsageFault_Handler 00000050

Symbol: UsageFault_Handler
   Definitions
      At line 248 in file startup.s
   Uses
      At line 65 in file startup.s
      At line 249 in file startup.s




ARM Macro Assembler    Page 8 Alphabetic symbol ordering
Relocatable symbols

WDT_IRQHandler 0000005A

Symbol: WDT_IRQHandler
   Definitions
      At line 308 in file startup.s
   Uses
      At line 77 in file startup.s
      At line 272 in file startup.s

counter 0000002A

Symbol: counter
   Definitions
      At line 207 in file startup.s
   Uses
      At line 215 in file startup.s
Comment: counter used once
exit 0000003C

Symbol: exit
   Definitions
      At line 217 in file startup.s
   Uses
      At line 193 in file startup.s
      At line 200 in file startup.s
      At line 210 in file startup.s
      At line 213 in file startup.s

loop 0000000E

Symbol: loop
   Definitions
      At line 190 in file startup.s
   Uses
      At line 196 in file startup.s
      At line 203 in file startup.s

50 symbols



ARM Macro Assembler    Page 1 Alphabetic symbol ordering
Absolute symbols

Heap_Size 00000000

Symbol: Heap_Size
   Definitions
      At line 42 in file startup.s
   Uses
      At line 46 in file startup.s
Comment: Heap_Size used once
Stack_Size 00000200

Symbol: Stack_Size
   Definitions
      At line 31 in file startup.s
   Uses
      At line 34 in file startup.s
Comment: Stack_Size used once
2 symbols
404 symbols in table
