


ARM Macro Assembler    Page 1 


    1 00000000         ;/******************************************************
                       ********************//**
    2 00000000         ; * @file     startup_LPC17xx.s
    3 00000000         ; * @brief    CMSIS Cortex-M3 Core Device Startup File f
                       or
    4 00000000         ; *           NXP LPC17xx Device Series
    5 00000000         ; * @version  V1.10
    6 00000000         ; * @date     06. April 2011 
    7 00000000         ; *
    8 00000000         ; * @note
    9 00000000         ; * Copyright (C) 2009-2011 ARM Limited. All rights rese
                       rved.
   10 00000000         ; *
   11 00000000         ; * @par
   12 00000000         ; * ARM Limited (ARM) is supplying this software for use
                        with Cortex-M
   13 00000000         ; * processor based microcontrollers.  This file can be 
                       freely distributed
   14 00000000         ; * within development tools that are supporting such AR
                       M based processors.
   15 00000000         ; *
   16 00000000         ; * @par
   17 00000000         ; * THIS SOFTWARE IS PROVIDED "AS IS".  NO WARRANTIES, W
                       HETHER EXPRESS, IMPLIED
   18 00000000         ; * OR STATUTORY, INCLUDING, BUT NOT LIMITED TO, IMPLIED
                        WARRANTIES OF
   19 00000000         ; * MERCHANTABILITY AND FITNESS FOR A PARTICULAR PURPOSE
                        APPLY TO THIS SOFTWARE.
   20 00000000         ; * ARM SHALL NOT, IN ANY CIRCUMSTANCES, BE LIABLE FOR S
                       PECIAL, INCIDENTAL, OR
   21 00000000         ; * CONSEQUENTIAL DAMAGES, FOR ANY REASON WHATSOEVER.
   22 00000000         ; *
   23 00000000         ; ******************************************************
                       ************************/
   24 00000000         
   25 00000000         ; *------- <<< Use Configuration Wizard in Context Menu 
                       >>> ------------------
   26 00000000         
   27 00000000         ; <h> Stack Configuration
   28 00000000         ;   <o> Stack Size (in Bytes) <0x0-0xFFFFFFFF:8>
   29 00000000         ; </h>
   30 00000000         
   31 00000000 00000200 
                       Stack_Size
                               EQU              0x00000200
   32 00000000         
   33 00000000                 AREA             STACK, NOINIT, READWRITE, ALIGN
=3
   34 00000000                 SPACE            Stack_Size/2
   35 00000100         Stack_Mem
                               SPACE            Stack_Size/2
   36 00000200         __initial_sp
   37 00000200         
   38 00000200         
   39 00000200         ; <h> Heap Configuration
   40 00000200         ;   <o>  Heap Size (in Bytes) <0x0-0xFFFFFFFF:8>
   41 00000200         ; </h>
   42 00000200         
   43 00000200 00000000 



ARM Macro Assembler    Page 2 


                       Heap_Size
                               EQU              0x00000000
   44 00000200         
   45 00000200                 AREA             HEAP, NOINIT, READWRITE, ALIGN=
3
   46 00000000         __heap_base
   47 00000000         Heap_Mem
                               SPACE            Heap_Size
   48 00000000         __heap_limit
   49 00000000         
   50 00000000         
   51 00000000                 PRESERVE8
   52 00000000                 THUMB
   53 00000000         
   54 00000000         
   55 00000000         ; Vector Table Mapped to Address 0 at Reset
   56 00000000         
   57 00000000                 AREA             RESET, DATA, READONLY
   58 00000000                 EXPORT           __Vectors
   59 00000000         
   60 00000000 00000000 
                       __Vectors
                               DCD              __initial_sp ; Top of Stack
   61 00000004 00000000        DCD              Reset_Handler ; Reset Handler
   62 00000008 00000000        DCD              NMI_Handler ; NMI Handler
   63 0000000C 00000000        DCD              HardFault_Handler ; Hard Fault 
                                                            Handler
   64 00000010 00000000        DCD              MemManage_Handler 
                                                            ; MPU Fault Handler
                                                            
   65 00000014 00000000        DCD              BusFault_Handler 
                                                            ; Bus Fault Handler
                                                            
   66 00000018 00000000        DCD              UsageFault_Handler ; Usage Faul
                                                            t Handler
   67 0000001C 00000000        DCD              0           ; Reserved
   68 00000020 00000000        DCD              0           ; Reserved
   69 00000024 00000000        DCD              0           ; Reserved
   70 00000028 00000000        DCD              0           ; Reserved
   71 0000002C 00000000        DCD              SVC_Handler ; SVCall Handler
   72 00000030 00000000        DCD              DebugMon_Handler ; Debug Monito
                                                            r Handler
   73 00000034 00000000        DCD              0           ; Reserved
   74 00000038 00000000        DCD              PendSV_Handler ; PendSV Handler
                                                            
   75 0000003C 00000000        DCD              SysTick_Handler 
                                                            ; SysTick Handler
   76 00000040         
   77 00000040         ; External Interrupts
   78 00000040 00000000        DCD              WDT_IRQHandler ; 16: Watchdog T
                                                            imer
   79 00000044 00000000        DCD              TIMER0_IRQHandler ; 17: Timer0
   80 00000048 00000000        DCD              TIMER1_IRQHandler ; 18: Timer1
   81 0000004C 00000000        DCD              TIMER2_IRQHandler ; 19: Timer2
   82 00000050 00000000        DCD              TIMER3_IRQHandler ; 20: Timer3
   83 00000054 00000000        DCD              UART0_IRQHandler ; 21: UART0
   84 00000058 00000000        DCD              UART1_IRQHandler ; 22: UART1
   85 0000005C 00000000        DCD              UART2_IRQHandler ; 23: UART2
   86 00000060 00000000        DCD              UART3_IRQHandler ; 24: UART3



ARM Macro Assembler    Page 3 


   87 00000064 00000000        DCD              PWM1_IRQHandler ; 25: PWM1
   88 00000068 00000000        DCD              I2C0_IRQHandler ; 26: I2C0
   89 0000006C 00000000        DCD              I2C1_IRQHandler ; 27: I2C1
   90 00000070 00000000        DCD              I2C2_IRQHandler ; 28: I2C2
   91 00000074 00000000        DCD              SPI_IRQHandler ; 29: SPI
   92 00000078 00000000        DCD              SSP0_IRQHandler ; 30: SSP0
   93 0000007C 00000000        DCD              SSP1_IRQHandler ; 31: SSP1
   94 00000080 00000000        DCD              PLL0_IRQHandler ; 32: PLL0 Lock
                                                             (Main PLL)
   95 00000084 00000000        DCD              RTC_IRQHandler ; 33: Real Time 
                                                            Clock
   96 00000088 00000000        DCD              EINT0_IRQHandler ; 34: External
                                                             Interrupt 0
   97 0000008C 00000000        DCD              EINT1_IRQHandler ; 35: External
                                                             Interrupt 1
   98 00000090 00000000        DCD              EINT2_IRQHandler ; 36: External
                                                             Interrupt 2
   99 00000094 00000000        DCD              EINT3_IRQHandler ; 37: External
                                                             Interrupt 3
  100 00000098 00000000        DCD              ADC_IRQHandler 
                                                            ; 38: A/D Converter
                                                            
  101 0000009C 00000000        DCD              BOD_IRQHandler ; 39: Brown-Out 
                                                            Detect
  102 000000A0 00000000        DCD              USB_IRQHandler ; 40: USB
  103 000000A4 00000000        DCD              CAN_IRQHandler ; 41: CAN
  104 000000A8 00000000        DCD              DMA_IRQHandler ; 42: General Pu
                                                            rpose DMA
  105 000000AC 00000000        DCD              I2S_IRQHandler ; 43: I2S
  106 000000B0 00000000        DCD              ENET_IRQHandler ; 44: Ethernet
  107 000000B4 00000000        DCD              RIT_IRQHandler ; 45: Repetitive
                                                             Interrupt Timer
  108 000000B8 00000000        DCD              MCPWM_IRQHandler ; 46: Motor Co
                                                            ntrol PWM
  109 000000BC 00000000        DCD              QEI_IRQHandler ; 47: Quadrature
                                                             Encoder Interface
  110 000000C0 00000000        DCD              PLL1_IRQHandler ; 48: PLL1 Lock
                                                             (USB PLL)
  111 000000C4 00000000        DCD              USBActivity_IRQHandler ; 49: US
                                                            B Activity interrup
                                                            t to wakeup
  112 000000C8 00000000        DCD              CANActivity_IRQHandler ; 50: CA
                                                            N Activity interrup
                                                            t to wakeup
  113 000000CC         
  114 000000CC         
  115 000000CC                 IF               :LNOT::DEF:NO_CRP
  116 000000CC                 AREA             |.ARM.__at_0x02FC|, CODE, READO
NLY
  117 00000000 FFFFFFFF 
                       CRP_Key DCD              0xFFFFFFFF
  118 00000004                 ENDIF
  119 00000004         
  120 00000004         
  121 00000004                 AREA             my_matrix, DATA, READONLY, alig
n=2
  122 00000000                 EXPORT           Matrix_Coordinates, ROWS, COLUM
NS
  123 00000000 FFFFFFFB 



ARM Macro Assembler    Page 4 


              00000005 
              FFFFFFFC 
              00000005 
              FFFFFFFD 
              00000005 
              FFFFFFFE 
              00000005 
              FFFFFFFF 
              00000005 
              00000000 
              00000005 
              00000001 
              00000005 
              00000002 
              00000005 
              00000003 
              00000005 
              00000004 
              00000005 
              00000005 
              00000005 Matrix_Coordinates
                               DCD              -5,5,-4,5,-3,5,-2,5,-1,5,0,5,1,
5,2,5,3,5,4,5,5,5
  124 00000058 FFFFFFFB 
              00000004 
              FFFFFFFC 
              00000004 
              FFFFFFFD 
              00000004 
              FFFFFFFE 
              00000004 
              FFFFFFFF 
              00000004 
              00000000 
              00000004 
              00000001 
              00000004 
              00000002 
              00000004 
              00000003 
              00000004 
              00000004 
              00000004 
              00000005 
              00000004         DCD              -5,4,-4,4,-3,4,-2,4,-1,4,0,4,1,
4,2,4,3,4,4,4,5,4
  125 000000B0 FFFFFFFB 
              00000003 
              FFFFFFFC 
              00000003 
              FFFFFFFD 
              00000003 
              FFFFFFFE 
              00000003 
              FFFFFFFF 
              00000003 
              00000000 
              00000003 
              00000001 



ARM Macro Assembler    Page 5 


              00000003 
              00000002 
              00000003 
              00000003 
              00000003 
              00000004 
              00000003 
              00000005 
              00000003         DCD              -5,3,-4,3,-3,3,-2,3,-1,3,0,3,1,
3,2,3,3,3,4,3,5,3
  126 00000108 FFFFFFFB 
              00000002 
              FFFFFFFC 
              00000002 
              FFFFFFFD 
              00000002 
              FFFFFFFE 
              00000002 
              FFFFFFFF 
              00000002 
              00000000 
              00000002 
              00000001 
              00000002 
              00000002 
              00000002 
              00000003 
              00000002 
              00000004 
              00000002 
              00000005 
              00000002         DCD              -5,2,-4,2,-3,2,-2,2,-1,2,0,2,1,
2,2,2,3,2,4,2,5,2
  127 00000160 FFFFFFFB 
              00000001 
              FFFFFFFC 
              00000001 
              FFFFFFFD 
              00000001 
              FFFFFFFE 
              00000001 
              FFFFFFFF 
              00000001 
              00000000 
              00000001 
              00000001 
              00000001 
              00000002 
              00000001 
              00000003 
              00000001 
              00000004 
              00000001 
              00000005 
              00000001         DCD              -5,1,-4,1,-3,1,-2,1,-1,1,0,1,1,
1,2,1,3,1,4,1,5,1
  128 000001B8 FFFFFFFB 
              00000000 
              FFFFFFFC 



ARM Macro Assembler    Page 6 


              00000000 
              FFFFFFFD 
              00000000 
              FFFFFFFE 
              00000000 
              FFFFFFFF 
              00000000 
              00000000 
              00000000 
              00000001 
              00000000 
              00000002 
              00000000 
              00000003 
              00000000 
              00000004 
              00000000 
              00000005 
              00000000         DCD              -5,0,-4,0,-3,0,-2,0,-1,0,0,0,1,
0,2,0,3,0,4,0,5,0
  129 00000210 FFFFFFFB 
              FFFFFFFF 
              FFFFFFFC 
              FFFFFFFF 
              FFFFFFFD 
              FFFFFFFF 
              FFFFFFFE 
              FFFFFFFF 
              00000001 
              FFFFFFFF 
              00000000 
              FFFFFFFF 
              00000001 
              FFFFFFFF 
              00000002 
              FFFFFFFF 
              00000003 
              FFFFFFFF 
              00000004 
              FFFFFFFF 
              00000005 
              FFFFFFFF         DCD              -5,-1,-4,-1,-3,-1,-2,-1, 1,-1 ,
0,-1,1,-1,2,-1,3,-1,4,-1,5,-1
  130 00000268 FFFFFFFB 
              FFFFFFFE 
              FFFFFFFC 
              FFFFFFFE 
              FFFFFFFD 
              FFFFFFFE 
              FFFFFFFE 
              FFFFFFFE 
              FFFFFFFF 
              FFFFFFFE 
              00000000 
              FFFFFFFE 
              00000001 
              FFFFFFFE 
              00000002 
              FFFFFFFE 



ARM Macro Assembler    Page 7 


              00000003 
              FFFFFFFE 
              00000004 
              FFFFFFFE 
              00000005 
              FFFFFFFE         DCD              -5,-2,-4,-2,-3,-2,-2,-2,-1,-2,0
,-2,1,-2,2,-2,3,-2,4,-2,5,-2
  131 000002C0 FFFFFFFB 
              FFFFFFFD 
              FFFFFFFC 
              FFFFFFFD 
              FFFFFFFD 
              FFFFFFFD 
              FFFFFFFE 
              FFFFFFFD 
              FFFFFFFF 
              FFFFFFFD 
              00000000 
              FFFFFFFD 
              00000001 
              FFFFFFFD 
              00000002 
              FFFFFFFD 
              00000003 
              FFFFFFFD 
              00000004 
              FFFFFFFD 
              00000005 
              FFFFFFFD         DCD              -5,-3,-4,-3,-3,-3,-2,-3,-1,-3,0
,-3,1,-3,2,-3,3,-3,4,-3,5,-3
  132 00000318 FFFFFFFB 
              FFFFFFFC 
              FFFFFFFC 
              FFFFFFFC 
              FFFFFFFD 
              FFFFFFFC 
              FFFFFFFE 
              FFFFFFFC 
              FFFFFFFF 
              FFFFFFFC 
              00000000 
              FFFFFFFC 
              00000001 
              FFFFFFFC 
              00000002 
              FFFFFFFC 
              00000003 
              FFFFFFFC 
              00000004 
              FFFFFFFC 
              00000005 
              FFFFFFFC         DCD              -5,-4,-4,-4,-3,-4,-2,-4,-1,-4,0
,-4,1,-4,2,-4,3,-4,4,-4,5,-4
  133 00000370 FFFFFFFB 
              FFFFFFFB 
              FFFFFFFC 
              FFFFFFFB 
              FFFFFFFD 
              FFFFFFFB 



ARM Macro Assembler    Page 8 


              FFFFFFFE 
              FFFFFFFB 
              FFFFFFFF 
              FFFFFFFB 
              00000000 
              FFFFFFFB 
              00000001 
              FFFFFFFB 
              00000002 
              FFFFFFFB 
              00000003 
              FFFFFFFB 
              00000004 
              FFFFFFFB 
              00000005 
              FFFFFFFB         DCD              -5,-5,-4,-5,-3,-5,-2,-5,-1,-5,0
,-5,1,-5,2,-5,3,-5,4,-5,5,-5
  134 000003C8 0B      ROWS    DCB              11
  135 000003C9 16      COLUMNS DCB              22
  136 000003CA         
  137 000003CA                 AREA             optimization_area, DATA, READWR
ITE
  138 00000000 00 00 00 
              00 00 00 
              00 00 00 
              00 00 00 
              00 00 00 
              00 00 00 
              00 00 00 
              00 00 00 
              00 00 00 
              00 00 00 
              00 00 00 
              00 00 00 
              00 00 00 
              00 00 00 
              00 00 00 
              00 00 00 
              00 00 00 
              00 00 00 
              00 00 00 
              00 00 00 
              00 00 00 
              00 00 00 
              00 00 00 
              00 00 00 
              00 00 00 
              00 00 00 
              00 00 00 
              00 00 00 
              00 00 00 
              00 00 00 
              00 00 00 
              00 00 00 
              00 00 00 
              00 00 00 
              00 00 00 
              00 00 00 
              00 00 00 



ARM Macro Assembler    Page 9 


              00 00 00 
              00 00 00 
              00 00 00 
              00 00 00 
              00 00 00 
              00 00 00 
              00 00 00 
              00 00 00 
              00 00 00 
              00 00 00 
              00 00 00 
              00 00 00 
              00 00 00 
              00 00 00 
              00 00 00 
              00 00 00 
              00 00 00 
              00 00 00 
              00 00 00 
              00 00 00 
              00 00 00 
              00 00 00 
              00 00 00 
              00 00 00 
              00 00 00 
              00 00 00 
              00 00 00 
              00 00 00 
              00 00 00 
              00 00 00 
              00 00 00 
              00 00 00 
              00 00 00 
              00 00 00 
              00 00 00 
              00 00 00 
              00 00 00 
              00 00 00 
              00 00 00 
              00 00 00 
              00 00 00 
              00 00 00 
              00 00 00 
              00 00 00 
              00       Opt_M_Coordinates
                               SPACE            11*22 + (11*22)%4 ;(ROWS * COLU
                                                            MNS) + (ROWS * COLU
                                                            MNS) % 4
  139 000000F4         ;number of elements + rest of division
  140 000000F4         
  141 000000F4         
  142 000000F4                 AREA             |.text|, CODE, READONLY
  143 00000000         
  144 00000000         ; Reset Handler
  145 00000000         
  146 00000000         Reset_Handler
                               PROC
  147 00000000                 EXPORT           Reset_Handler             [WEAK
]



ARM Macro Assembler    Page 10 


  148 00000000                 IMPORT           __main
  149 00000000         
  150 00000000 F04F 0003       MOV              R0, #3      ;Thread, Priviledge
                                                            , MSP = 0x10000260 
                                                              (PSP = 0x0)    
  151 00000004 F380 8814       MSR              CONTROL, R0 ;Thread, Priviledge
                                                            , MSP = 0x10000260 
                                                              (PSP = 0x0)
  152 00000008 F8DF D0E4       LDR              SP, =Stack_Mem ;Thread, Unprivi
                                                            ledge, PSP = 0x1000
                                                            0160   (MSP = 0x100
                                                            00260) 
  153 0000000C         
  154 0000000C 4839            LDR              R0, =__main
  155 0000000E 4700            BX               R0
  156 00000010                 ENDP
  157 00000010         
  158 00000010         ; Dummy Exception Handlers (infinite loops which can be 
                       modified)
  159 00000010         
  160 00000010         NMI_Handler
                               PROC
  161 00000010                 EXPORT           NMI_Handler               [WEAK
]
  162 00000010 E7FE            B                .
  163 00000012                 ENDP
  165 00000012         HardFault_Handler
                               PROC
  166 00000012                 EXPORT           HardFault_Handler         [WEAK
]
  167 00000012 E7FE            B                .
  168 00000014                 ENDP
  170 00000014         MemManage_Handler
                               PROC
  171 00000014                 EXPORT           MemManage_Handler         [WEAK
]
  172 00000014 E7FE            B                .
  173 00000016                 ENDP
  175 00000016         BusFault_Handler
                               PROC
  176 00000016                 EXPORT           BusFault_Handler          [WEAK
]
  177 00000016 E7FE            B                .
  178 00000018                 ENDP
  180 00000018         UsageFault_Handler
                               PROC
  181 00000018                 EXPORT           UsageFault_Handler        [WEAK
]
  182 00000018 E7FE            B                .
  183 0000001A                 ENDP
  184 0000001A        0 
                       matrix  RN               R0
  185 0000001A        1 
                       matrix_op
                               RN               R1
  186 0000001A        2 
                       rows    RN               R2
  187 0000001A        3 
                       columns RN               R3



ARM Macro Assembler    Page 11 


  188 0000001A        4 
                       i       RN               R4
  189 0000001A        5 
                       len     RN               R5
  190 0000001A        6 
                       val     RN               R6
  191 0000001A        7 
                       val_op  RN               R7
  192 0000001A        8 
                       shifter RN               R8
  193 0000001A        9 
                       j       RN               R9
  194 0000001A         SVC_Handler
                               PROC
  195 0000001A                 EXPORT           SVC_Handler               [WEAK
]
  196 0000001A         
  197 0000001A E92D 5FFF       STMFD            SP!, {R0-R12, LR}
  198 0000001E         
  199 0000001E F3EF 8109       MRS              R1, PSP     ;enabling PSP in R1
                                                            
  200 00000022 F3EF 8203       MRS              R2, PSR     ;enabling PSR in R2
                                                            
  201 00000026         
  202 00000026 6988            LDR              R0, [R1, #24]
  203 00000028 F850 0C04       LDR              R0, [R0,#-4]
  204 0000002C F020 407F       BIC              R0, #0xFF000000
  205 00000030 EA4F 4010       LSR              R0, #16
  206 00000034         
  207 00000034 620A            STR              R2, [R1, #32] ;store of PSP bec
                                                            ause of CMP
  208 00000036         
  209 00000036 28CA            CMP              R0, #0xCA
  210 00000038 D124            BNE              else
  211 0000003A E8BD 5FFF       LDMFD            SP!, {R0-R12, LR}
  212 0000003E E92D 5FFF       STMFD            SP!, {R0-R12, LR}
  213 00000042 EA80 0001       EOR              R0, R1
  214 00000046 EA80 0002       EOR              R0, R2
  215 0000004A EA80 0003       EOR              R0, R3
  216 0000004E EA80 0004       EOR              R0, R4
  217 00000052 EA80 0005       EOR              R0, R5
  218 00000056 EA80 0006       EOR              R0, R6
  219 0000005A EA80 0007       EOR              R0, R7
  220 0000005E EA80 0008       EOR              R0, R8
  221 00000062 EA80 0009       EOR              R0, R9
  222 00000066 EA80 000A       EOR              R0, R10
  223 0000006A EA80 000B       EOR              R0, R11
  224 0000006E EA80 000C       EOR              R0, R12
  225 00000072 EA80 000E       EOR              R0, R14
  226 00000076         
  227 00000076 F3EF 8109       MRS              R1, PSP
  228 0000007A 6A0A            LDR              R2, [R1, #32] ;getting the prev
                                                            ious PSR
  229 0000007C EA80 0001       EOR              R0, R1
  230 00000080         
  231 00000080 6208            STR              R0, [R1, #32] 
                                                            ;saving the result
  232 00000082 E027            B                exit
  233 00000084         



ARM Macro Assembler    Page 12 


  234 00000084 28FE    else    CMP              R0, #0xFE
  235 00000086 D125            BNE              exit
  236 00000088 481B            LDR              matrix, =Matrix_Coordinates
  237 0000008A 491C            LDR              matrix_op, =Opt_M_Coordinates
  238 0000008C F81F 2004       LDRB             rows, ROWS
  239 00000090 F81F 3004       LDRB             columns, COLUMNS
  240 00000094         
  241 00000094 F04F 0400       MOV              i, #0       ;index
  242 00000098 F04F 0818       MOV              shifter, #24
  243 0000009C FB02 F503       MUL              len, rows, columns ;len = 11*22
                                                             elements
  244 000000A0         loop
  245 000000A0 42AC            CMP              i, len      ;if(i>=len) goto ex
                                                            it
  246 000000A2 D217            BHS              exit
  247 000000A4         
  248 000000A4 F850 6024       LDR              val, [matrix, i, LSL #2] 
                                                            ;val = matrix[i]
  249 000000A8         
  250 000000A8 F006 06FF       BIC              val, #0xFFFFFF00 ;cleaning of o
                                                            ther useless bits
  251 000000AC FA06 F608       LSL              val, shifter ;the idea is to sh
                                                            ift the value of sh
                                                            ifter bits in order
                                                             to 
  252 000000B0         ;compute the OR operation between the value of matrix an
                       d the value of matrix_op
  253 000000B0         
  254 000000B0 F1A8 0808       SUB              shifter, #8 ;shifter -= 8  I wi
                                                            ll move in the rang
                                                            e of 8 bits
  255 000000B4         
  256 000000B4 F851 7029       LDR              val_op, [matrix_op, j, LSL #2] 
                                                            ;val_op = matrix_op
                                                            [j]
  257 000000B8         
  258 000000B8 EA47 0706       ORR              val_op, val ;OR operation betwe
                                                            en matrix[i] and ma
                                                            trix_op[j]
  259 000000BC         
  260 000000BC F841 7029       STR              val_op, [matrix_op, j, LSL #2] 
                                                            ;result of OR opera
                                                            tion in matrix_op
  261 000000C0         
  262 000000C0 F1B8 0F00       CMP              shifter, #0 ;if(shifter < 0) sh
                                                            ifter = 24   It has
                                                             reached the last v
                                                            alue
  263 000000C4 BF44 F04F 
              0818             MOVMI            shifter, #24
  264 000000CA F109 0901       ADDMI            j, #1       ;j++
  265 000000CE         
  266 000000CE F104 0401       ADD              i, #1       ;i++
  267 000000D2 E7E5            B                loop
  268 000000D4         
  269 000000D4         exit
  270 000000D4 E8BD 5FFF       LDMFD            SP!, {R0-R12, LR}
  271 000000D8 4770            BX               LR
  272 000000DA                 ENDP



ARM Macro Assembler    Page 13 


  274 000000DA         DebugMon_Handler
                               PROC
  275 000000DA                 EXPORT           DebugMon_Handler          [WEAK
]
  276 000000DA E7FE            B                .
  277 000000DC                 ENDP
  278 000000DC         PendSV_Handler
                               PROC
  279 000000DC                 EXPORT           PendSV_Handler            [WEAK
]
  280 000000DC E7FE            B                .
  281 000000DE                 ENDP
  282 000000DE         SysTick_Handler
                               PROC
  283 000000DE                 EXPORT           SysTick_Handler           [WEAK
]
  284 000000DE E7FE            B                .
  285 000000E0                 ENDP
  286 000000E0         
  287 000000E0         Default_Handler
                               PROC
  288 000000E0         
  289 000000E0                 EXPORT           WDT_IRQHandler            [WEAK
]
  290 000000E0                 EXPORT           TIMER0_IRQHandler         [WEAK
]
  291 000000E0                 EXPORT           TIMER1_IRQHandler         [WEAK
]
  292 000000E0                 EXPORT           TIMER2_IRQHandler         [WEAK
]
  293 000000E0                 EXPORT           TIMER3_IRQHandler         [WEAK
]
  294 000000E0                 EXPORT           UART0_IRQHandler          [WEAK
]
  295 000000E0                 EXPORT           UART1_IRQHandler          [WEAK
]
  296 000000E0                 EXPORT           UART2_IRQHandler          [WEAK
]
  297 000000E0                 EXPORT           UART3_IRQHandler          [WEAK
]
  298 000000E0                 EXPORT           PWM1_IRQHandler           [WEAK
]
  299 000000E0                 EXPORT           I2C0_IRQHandler           [WEAK
]
  300 000000E0                 EXPORT           I2C1_IRQHandler           [WEAK
]
  301 000000E0                 EXPORT           I2C2_IRQHandler           [WEAK
]
  302 000000E0                 EXPORT           SPI_IRQHandler            [WEAK
]
  303 000000E0                 EXPORT           SSP0_IRQHandler           [WEAK
]
  304 000000E0                 EXPORT           SSP1_IRQHandler           [WEAK
]
  305 000000E0                 EXPORT           PLL0_IRQHandler           [WEAK
]
  306 000000E0                 EXPORT           RTC_IRQHandler            [WEAK
]
  307 000000E0                 EXPORT           EINT0_IRQHandler          [WEAK



ARM Macro Assembler    Page 14 


]
  308 000000E0                 EXPORT           EINT1_IRQHandler          [WEAK
]
  309 000000E0                 EXPORT           EINT2_IRQHandler          [WEAK
]
  310 000000E0                 EXPORT           EINT3_IRQHandler          [WEAK
]
  311 000000E0                 EXPORT           ADC_IRQHandler            [WEAK
]
  312 000000E0                 EXPORT           BOD_IRQHandler            [WEAK
]
  313 000000E0                 EXPORT           USB_IRQHandler            [WEAK
]
  314 000000E0                 EXPORT           CAN_IRQHandler            [WEAK
]
  315 000000E0                 EXPORT           DMA_IRQHandler            [WEAK
]
  316 000000E0                 EXPORT           I2S_IRQHandler            [WEAK
]
  317 000000E0                 EXPORT           ENET_IRQHandler           [WEAK
]
  318 000000E0                 EXPORT           RIT_IRQHandler            [WEAK
]
  319 000000E0                 EXPORT           MCPWM_IRQHandler          [WEAK
]
  320 000000E0                 EXPORT           QEI_IRQHandler            [WEAK
]
  321 000000E0                 EXPORT           PLL1_IRQHandler           [WEAK
]
  322 000000E0                 EXPORT           USBActivity_IRQHandler    [WEAK
]
  323 000000E0                 EXPORT           CANActivity_IRQHandler    [WEAK
]
  324 000000E0         
  325 000000E0         WDT_IRQHandler
  326 000000E0         TIMER0_IRQHandler
  327 000000E0         TIMER1_IRQHandler
  328 000000E0         TIMER2_IRQHandler
  329 000000E0         TIMER3_IRQHandler
  330 000000E0         UART0_IRQHandler
  331 000000E0         UART1_IRQHandler
  332 000000E0         UART2_IRQHandler
  333 000000E0         UART3_IRQHandler
  334 000000E0         PWM1_IRQHandler
  335 000000E0         I2C0_IRQHandler
  336 000000E0         I2C1_IRQHandler
  337 000000E0         I2C2_IRQHandler
  338 000000E0         SPI_IRQHandler
  339 000000E0         SSP0_IRQHandler
  340 000000E0         SSP1_IRQHandler
  341 000000E0         PLL0_IRQHandler
  342 000000E0         RTC_IRQHandler
  343 000000E0         EINT0_IRQHandler
  344 000000E0         EINT1_IRQHandler
  345 000000E0         EINT2_IRQHandler
  346 000000E0         EINT3_IRQHandler
  347 000000E0         ADC_IRQHandler
  348 000000E0         BOD_IRQHandler
  349 000000E0         USB_IRQHandler



ARM Macro Assembler    Page 15 


  350 000000E0         CAN_IRQHandler
  351 000000E0         DMA_IRQHandler
  352 000000E0         I2S_IRQHandler
  353 000000E0         ENET_IRQHandler
  354 000000E0         RIT_IRQHandler
  355 000000E0         MCPWM_IRQHandler
  356 000000E0         QEI_IRQHandler
  357 000000E0         PLL1_IRQHandler
  358 000000E0         USBActivity_IRQHandler
  359 000000E0         CANActivity_IRQHandler
  360 000000E0         
  361 000000E0 E7FE            B                .
  362 000000E2         
  363 000000E2                 ENDP
  364 000000E2         
  365 000000E2         
  366 000000E2 00 00           ALIGN
  367 000000E4         
  368 000000E4         
  369 000000E4         ; User Initial Stack & Heap
  370 000000E4         
  371 000000E4                 IF               :DEF:__MICROLIB
  378 000000E4         
  379 000000E4                 IMPORT           __use_two_region_memory
  380 000000E4                 EXPORT           __user_initial_stackheap
  381 000000E4         __user_initial_stackheap
  382 000000E4         
  383 000000E4 4806            LDR              R0, =  Heap_Mem
  384 000000E6 4907            LDR              R1, =(Stack_Mem + Stack_Size)
  385 000000E8 4A05            LDR              R2, = (Heap_Mem +  Heap_Size)
  386 000000EA 4B01            LDR              R3, = Stack_Mem
  387 000000EC 4770            BX               LR
  388 000000EE         
  389 000000EE 00 00           ALIGN
  390 000000F0         
  391 000000F0                 ENDIF
  392 000000F0         
  393 000000F0         
  394 000000F0                 END
              00000000 
              00000000 
              00000000 
              00000000 
              00000000 
              00000200 
Command Line: --debug --xref --diag_suppress=9931 --cpu=Cortex-M3 --apcs=interw
ork --depend=.\startup_lpc17xx.d -o.\startup_lpc17xx.o -I.\RTE\_Target_1 -IC:\U
sers\eliom\AppData\Local\Arm\Packs\ARM\CMSIS\5.9.0\CMSIS\Core\Include -IC:\User
s\eliom\AppData\Local\Arm\Packs\Keil\LPC1700_DFP\2.7.1\Device\Include --predefi
ne="__EVAL SETA 1" --predefine="__UVISION_VERSION SETA 536" --predefine="_RTE_ 
SETA 1" --predefine="LPC175x_6x SETA 1" --predefine="_RTE_ SETA 1" --list=.\sta
rtup_lpc17xx.lst startup_LPC17xx.s



ARM Macro Assembler    Page 1 Alphabetic symbol ordering
Relocatable symbols

STACK 00000000

Symbol: STACK
   Definitions
      At line 33 in file startup_LPC17xx.s
   Uses
      None
Comment: STACK unused
Stack_Mem 00000100

Symbol: Stack_Mem
   Definitions
      At line 35 in file startup_LPC17xx.s
   Uses
      At line 152 in file startup_LPC17xx.s
      At line 384 in file startup_LPC17xx.s
      At line 386 in file startup_LPC17xx.s

__initial_sp 00000200

Symbol: __initial_sp
   Definitions
      At line 36 in file startup_LPC17xx.s
   Uses
      At line 60 in file startup_LPC17xx.s
Comment: __initial_sp used once
3 symbols



ARM Macro Assembler    Page 1 Alphabetic symbol ordering
Relocatable symbols

HEAP 00000000

Symbol: HEAP
   Definitions
      At line 45 in file startup_LPC17xx.s
   Uses
      None
Comment: HEAP unused
Heap_Mem 00000000

Symbol: Heap_Mem
   Definitions
      At line 47 in file startup_LPC17xx.s
   Uses
      At line 383 in file startup_LPC17xx.s
      At line 385 in file startup_LPC17xx.s

__heap_base 00000000

Symbol: __heap_base
   Definitions
      At line 46 in file startup_LPC17xx.s
   Uses
      None
Comment: __heap_base unused
__heap_limit 00000000

Symbol: __heap_limit
   Definitions
      At line 48 in file startup_LPC17xx.s
   Uses
      None
Comment: __heap_limit unused
4 symbols



ARM Macro Assembler    Page 1 Alphabetic symbol ordering
Relocatable symbols

RESET 00000000

Symbol: RESET
   Definitions
      At line 57 in file startup_LPC17xx.s
   Uses
      None
Comment: RESET unused
__Vectors 00000000

Symbol: __Vectors
   Definitions
      At line 60 in file startup_LPC17xx.s
   Uses
      At line 58 in file startup_LPC17xx.s
Comment: __Vectors used once
2 symbols



ARM Macro Assembler    Page 1 Alphabetic symbol ordering
Relocatable symbols

.ARM.__at_0x02FC 00000000

Symbol: .ARM.__at_0x02FC
   Definitions
      At line 116 in file startup_LPC17xx.s
   Uses
      None
Comment: .ARM.__at_0x02FC unused
CRP_Key 00000000

Symbol: CRP_Key
   Definitions
      At line 117 in file startup_LPC17xx.s
   Uses
      None
Comment: CRP_Key unused
2 symbols



ARM Macro Assembler    Page 1 Alphabetic symbol ordering
Relocatable symbols

COLUMNS 000003C9

Symbol: COLUMNS
   Definitions
      At line 135 in file startup_LPC17xx.s
   Uses
      At line 122 in file startup_LPC17xx.s
      At line 239 in file startup_LPC17xx.s

Matrix_Coordinates 00000000

Symbol: Matrix_Coordinates
   Definitions
      At line 123 in file startup_LPC17xx.s
   Uses
      At line 122 in file startup_LPC17xx.s
      At line 236 in file startup_LPC17xx.s

ROWS 000003C8

Symbol: ROWS
   Definitions
      At line 134 in file startup_LPC17xx.s
   Uses
      At line 122 in file startup_LPC17xx.s
      At line 238 in file startup_LPC17xx.s

my_matrix 00000000

Symbol: my_matrix
   Definitions
      At line 121 in file startup_LPC17xx.s
   Uses
      None
Comment: my_matrix unused
4 symbols



ARM Macro Assembler    Page 1 Alphabetic symbol ordering
Relocatable symbols

Opt_M_Coordinates 00000000

Symbol: Opt_M_Coordinates
   Definitions
      At line 138 in file startup_LPC17xx.s
   Uses
      At line 237 in file startup_LPC17xx.s
Comment: Opt_M_Coordinates used once
optimization_area 00000000

Symbol: optimization_area
   Definitions
      At line 137 in file startup_LPC17xx.s
   Uses
      None
Comment: optimization_area unused
2 symbols



ARM Macro Assembler    Page 1 Alphabetic symbol ordering
Relocatable symbols

.text 00000000

Symbol: .text
   Definitions
      At line 142 in file startup_LPC17xx.s
   Uses
      None
Comment: .text unused
ADC_IRQHandler 000000E0

Symbol: ADC_IRQHandler
   Definitions
      At line 347 in file startup_LPC17xx.s
   Uses
      At line 100 in file startup_LPC17xx.s
      At line 311 in file startup_LPC17xx.s

BOD_IRQHandler 000000E0

Symbol: BOD_IRQHandler
   Definitions
      At line 348 in file startup_LPC17xx.s
   Uses
      At line 101 in file startup_LPC17xx.s
      At line 312 in file startup_LPC17xx.s

BusFault_Handler 00000016

Symbol: BusFault_Handler
   Definitions
      At line 175 in file startup_LPC17xx.s
   Uses
      At line 65 in file startup_LPC17xx.s
      At line 176 in file startup_LPC17xx.s

CANActivity_IRQHandler 000000E0

Symbol: CANActivity_IRQHandler
   Definitions
      At line 359 in file startup_LPC17xx.s
   Uses
      At line 112 in file startup_LPC17xx.s
      At line 323 in file startup_LPC17xx.s

CAN_IRQHandler 000000E0

Symbol: CAN_IRQHandler
   Definitions
      At line 350 in file startup_LPC17xx.s
   Uses
      At line 103 in file startup_LPC17xx.s
      At line 314 in file startup_LPC17xx.s

DMA_IRQHandler 000000E0

Symbol: DMA_IRQHandler
   Definitions
      At line 351 in file startup_LPC17xx.s
   Uses



ARM Macro Assembler    Page 2 Alphabetic symbol ordering
Relocatable symbols

      At line 104 in file startup_LPC17xx.s
      At line 315 in file startup_LPC17xx.s

DebugMon_Handler 000000DA

Symbol: DebugMon_Handler
   Definitions
      At line 274 in file startup_LPC17xx.s
   Uses
      At line 72 in file startup_LPC17xx.s
      At line 275 in file startup_LPC17xx.s

Default_Handler 000000E0

Symbol: Default_Handler
   Definitions
      At line 287 in file startup_LPC17xx.s
   Uses
      None
Comment: Default_Handler unused
EINT0_IRQHandler 000000E0

Symbol: EINT0_IRQHandler
   Definitions
      At line 343 in file startup_LPC17xx.s
   Uses
      At line 96 in file startup_LPC17xx.s
      At line 307 in file startup_LPC17xx.s

EINT1_IRQHandler 000000E0

Symbol: EINT1_IRQHandler
   Definitions
      At line 344 in file startup_LPC17xx.s
   Uses
      At line 97 in file startup_LPC17xx.s
      At line 308 in file startup_LPC17xx.s

EINT2_IRQHandler 000000E0

Symbol: EINT2_IRQHandler
   Definitions
      At line 345 in file startup_LPC17xx.s
   Uses
      At line 98 in file startup_LPC17xx.s
      At line 309 in file startup_LPC17xx.s

EINT3_IRQHandler 000000E0

Symbol: EINT3_IRQHandler
   Definitions
      At line 346 in file startup_LPC17xx.s
   Uses
      At line 99 in file startup_LPC17xx.s
      At line 310 in file startup_LPC17xx.s

ENET_IRQHandler 000000E0

Symbol: ENET_IRQHandler



ARM Macro Assembler    Page 3 Alphabetic symbol ordering
Relocatable symbols

   Definitions
      At line 353 in file startup_LPC17xx.s
   Uses
      At line 106 in file startup_LPC17xx.s
      At line 317 in file startup_LPC17xx.s

HardFault_Handler 00000012

Symbol: HardFault_Handler
   Definitions
      At line 165 in file startup_LPC17xx.s
   Uses
      At line 63 in file startup_LPC17xx.s
      At line 166 in file startup_LPC17xx.s

I2C0_IRQHandler 000000E0

Symbol: I2C0_IRQHandler
   Definitions
      At line 335 in file startup_LPC17xx.s
   Uses
      At line 88 in file startup_LPC17xx.s
      At line 299 in file startup_LPC17xx.s

I2C1_IRQHandler 000000E0

Symbol: I2C1_IRQHandler
   Definitions
      At line 336 in file startup_LPC17xx.s
   Uses
      At line 89 in file startup_LPC17xx.s
      At line 300 in file startup_LPC17xx.s

I2C2_IRQHandler 000000E0

Symbol: I2C2_IRQHandler
   Definitions
      At line 337 in file startup_LPC17xx.s
   Uses
      At line 90 in file startup_LPC17xx.s
      At line 301 in file startup_LPC17xx.s

I2S_IRQHandler 000000E0

Symbol: I2S_IRQHandler
   Definitions
      At line 352 in file startup_LPC17xx.s
   Uses
      At line 105 in file startup_LPC17xx.s
      At line 316 in file startup_LPC17xx.s

MCPWM_IRQHandler 000000E0

Symbol: MCPWM_IRQHandler
   Definitions
      At line 355 in file startup_LPC17xx.s
   Uses
      At line 108 in file startup_LPC17xx.s
      At line 319 in file startup_LPC17xx.s



ARM Macro Assembler    Page 4 Alphabetic symbol ordering
Relocatable symbols


MemManage_Handler 00000014

Symbol: MemManage_Handler
   Definitions
      At line 170 in file startup_LPC17xx.s
   Uses
      At line 64 in file startup_LPC17xx.s
      At line 171 in file startup_LPC17xx.s

NMI_Handler 00000010

Symbol: NMI_Handler
   Definitions
      At line 160 in file startup_LPC17xx.s
   Uses
      At line 62 in file startup_LPC17xx.s
      At line 161 in file startup_LPC17xx.s

PLL0_IRQHandler 000000E0

Symbol: PLL0_IRQHandler
   Definitions
      At line 341 in file startup_LPC17xx.s
   Uses
      At line 94 in file startup_LPC17xx.s
      At line 305 in file startup_LPC17xx.s

PLL1_IRQHandler 000000E0

Symbol: PLL1_IRQHandler
   Definitions
      At line 357 in file startup_LPC17xx.s
   Uses
      At line 110 in file startup_LPC17xx.s
      At line 321 in file startup_LPC17xx.s

PWM1_IRQHandler 000000E0

Symbol: PWM1_IRQHandler
   Definitions
      At line 334 in file startup_LPC17xx.s
   Uses
      At line 87 in file startup_LPC17xx.s
      At line 298 in file startup_LPC17xx.s

PendSV_Handler 000000DC

Symbol: PendSV_Handler
   Definitions
      At line 278 in file startup_LPC17xx.s
   Uses
      At line 74 in file startup_LPC17xx.s
      At line 279 in file startup_LPC17xx.s

QEI_IRQHandler 000000E0

Symbol: QEI_IRQHandler
   Definitions



ARM Macro Assembler    Page 5 Alphabetic symbol ordering
Relocatable symbols

      At line 356 in file startup_LPC17xx.s
   Uses
      At line 109 in file startup_LPC17xx.s
      At line 320 in file startup_LPC17xx.s

RIT_IRQHandler 000000E0

Symbol: RIT_IRQHandler
   Definitions
      At line 354 in file startup_LPC17xx.s
   Uses
      At line 107 in file startup_LPC17xx.s
      At line 318 in file startup_LPC17xx.s

RTC_IRQHandler 000000E0

Symbol: RTC_IRQHandler
   Definitions
      At line 342 in file startup_LPC17xx.s
   Uses
      At line 95 in file startup_LPC17xx.s
      At line 306 in file startup_LPC17xx.s

Reset_Handler 00000000

Symbol: Reset_Handler
   Definitions
      At line 146 in file startup_LPC17xx.s
   Uses
      At line 61 in file startup_LPC17xx.s
      At line 147 in file startup_LPC17xx.s

SPI_IRQHandler 000000E0

Symbol: SPI_IRQHandler
   Definitions
      At line 338 in file startup_LPC17xx.s
   Uses
      At line 91 in file startup_LPC17xx.s
      At line 302 in file startup_LPC17xx.s

SSP0_IRQHandler 000000E0

Symbol: SSP0_IRQHandler
   Definitions
      At line 339 in file startup_LPC17xx.s
   Uses
      At line 92 in file startup_LPC17xx.s
      At line 303 in file startup_LPC17xx.s

SSP1_IRQHandler 000000E0

Symbol: SSP1_IRQHandler
   Definitions
      At line 340 in file startup_LPC17xx.s
   Uses
      At line 93 in file startup_LPC17xx.s
      At line 304 in file startup_LPC17xx.s




ARM Macro Assembler    Page 6 Alphabetic symbol ordering
Relocatable symbols

SVC_Handler 0000001A

Symbol: SVC_Handler
   Definitions
      At line 194 in file startup_LPC17xx.s
   Uses
      At line 71 in file startup_LPC17xx.s
      At line 195 in file startup_LPC17xx.s

SysTick_Handler 000000DE

Symbol: SysTick_Handler
   Definitions
      At line 282 in file startup_LPC17xx.s
   Uses
      At line 75 in file startup_LPC17xx.s
      At line 283 in file startup_LPC17xx.s

TIMER0_IRQHandler 000000E0

Symbol: TIMER0_IRQHandler
   Definitions
      At line 326 in file startup_LPC17xx.s
   Uses
      At line 79 in file startup_LPC17xx.s
      At line 290 in file startup_LPC17xx.s

TIMER1_IRQHandler 000000E0

Symbol: TIMER1_IRQHandler
   Definitions
      At line 327 in file startup_LPC17xx.s
   Uses
      At line 80 in file startup_LPC17xx.s
      At line 291 in file startup_LPC17xx.s

TIMER2_IRQHandler 000000E0

Symbol: TIMER2_IRQHandler
   Definitions
      At line 328 in file startup_LPC17xx.s
   Uses
      At line 81 in file startup_LPC17xx.s
      At line 292 in file startup_LPC17xx.s

TIMER3_IRQHandler 000000E0

Symbol: TIMER3_IRQHandler
   Definitions
      At line 329 in file startup_LPC17xx.s
   Uses
      At line 82 in file startup_LPC17xx.s
      At line 293 in file startup_LPC17xx.s

UART0_IRQHandler 000000E0

Symbol: UART0_IRQHandler
   Definitions
      At line 330 in file startup_LPC17xx.s



ARM Macro Assembler    Page 7 Alphabetic symbol ordering
Relocatable symbols

   Uses
      At line 83 in file startup_LPC17xx.s
      At line 294 in file startup_LPC17xx.s

UART1_IRQHandler 000000E0

Symbol: UART1_IRQHandler
   Definitions
      At line 331 in file startup_LPC17xx.s
   Uses
      At line 84 in file startup_LPC17xx.s
      At line 295 in file startup_LPC17xx.s

UART2_IRQHandler 000000E0

Symbol: UART2_IRQHandler
   Definitions
      At line 332 in file startup_LPC17xx.s
   Uses
      At line 85 in file startup_LPC17xx.s
      At line 296 in file startup_LPC17xx.s

UART3_IRQHandler 000000E0

Symbol: UART3_IRQHandler
   Definitions
      At line 333 in file startup_LPC17xx.s
   Uses
      At line 86 in file startup_LPC17xx.s
      At line 297 in file startup_LPC17xx.s

USBActivity_IRQHandler 000000E0

Symbol: USBActivity_IRQHandler
   Definitions
      At line 358 in file startup_LPC17xx.s
   Uses
      At line 111 in file startup_LPC17xx.s
      At line 322 in file startup_LPC17xx.s

USB_IRQHandler 000000E0

Symbol: USB_IRQHandler
   Definitions
      At line 349 in file startup_LPC17xx.s
   Uses
      At line 102 in file startup_LPC17xx.s
      At line 313 in file startup_LPC17xx.s

UsageFault_Handler 00000018

Symbol: UsageFault_Handler
   Definitions
      At line 180 in file startup_LPC17xx.s
   Uses
      At line 66 in file startup_LPC17xx.s
      At line 181 in file startup_LPC17xx.s

WDT_IRQHandler 000000E0



ARM Macro Assembler    Page 8 Alphabetic symbol ordering
Relocatable symbols


Symbol: WDT_IRQHandler
   Definitions
      At line 325 in file startup_LPC17xx.s
   Uses
      At line 78 in file startup_LPC17xx.s
      At line 289 in file startup_LPC17xx.s

__user_initial_stackheap 000000E4

Symbol: __user_initial_stackheap
   Definitions
      At line 381 in file startup_LPC17xx.s
   Uses
      At line 380 in file startup_LPC17xx.s
Comment: __user_initial_stackheap used once
else 00000084

Symbol: else
   Definitions
      At line 234 in file startup_LPC17xx.s
   Uses
      At line 210 in file startup_LPC17xx.s
Comment: else used once
exit 000000D4

Symbol: exit
   Definitions
      At line 269 in file startup_LPC17xx.s
   Uses
      At line 232 in file startup_LPC17xx.s
      At line 235 in file startup_LPC17xx.s
      At line 246 in file startup_LPC17xx.s

loop 000000A0

Symbol: loop
   Definitions
      At line 244 in file startup_LPC17xx.s
   Uses
      At line 267 in file startup_LPC17xx.s
Comment: loop used once
51 symbols



ARM Macro Assembler    Page 1 Alphabetic symbol ordering
Absolute symbols

Heap_Size 00000000

Symbol: Heap_Size
   Definitions
      At line 43 in file startup_LPC17xx.s
   Uses
      At line 47 in file startup_LPC17xx.s
      At line 385 in file startup_LPC17xx.s

Stack_Size 00000200

Symbol: Stack_Size
   Definitions
      At line 31 in file startup_LPC17xx.s
   Uses
      At line 34 in file startup_LPC17xx.s
      At line 35 in file startup_LPC17xx.s
      At line 384 in file startup_LPC17xx.s

2 symbols



ARM Macro Assembler    Page 1 Alphabetic symbol ordering
External symbols

__main 00000000

Symbol: __main
   Definitions
      At line 148 in file startup_LPC17xx.s
   Uses
      At line 154 in file startup_LPC17xx.s
Comment: __main used once
__use_two_region_memory 00000000

Symbol: __use_two_region_memory
   Definitions
      At line 379 in file startup_LPC17xx.s
   Uses
      None
Comment: __use_two_region_memory unused
2 symbols
422 symbols in table
