


ARM Macro Assembler    Page 1 


    1 00000000         ;/******************************************************
                       ********************//**
    2 00000000         ; * @file     startup_LPC17xx.s
    3 00000000         ; * @brief    CMSIS Cortex-M3 Core Device Startup File f
                       or
    4 00000000         ; *           NXP LPC17xx Device Series
    5 00000000         ; * @version  V1.10
    6 00000000         ; * @date     06. April 2011
    7 00000000         ; *
    8 00000000         ; * @note
    9 00000000         ; * Copyright (C) 2009-2011 ARM Limited. All rights rese
                       rved.
   10 00000000         ; *
   11 00000000         ; * @par
   12 00000000         ; * ARM Limited (ARM) is supplying this software for use
                        with Cortex-M
   13 00000000         ; * processor based microcontrollers.  This file can be 
                       freely distributed
   14 00000000         ; * within development tools that are supporting such AR
                       M based processors.
   15 00000000         ; *
   16 00000000         ; * @par
   17 00000000         ; * THIS SOFTWARE IS PROVIDED "AS IS".  NO WARRANTIES, W
                       HETHER EXPRESS, IMPLIED
   18 00000000         ; * OR STATUTORY, INCLUDING, BUT NOT LIMITED TO, IMPLIED
                        WARRANTIES OF
   19 00000000         ; * MERCHANTABILITY AND FITNESS FOR A PARTICULAR PURPOSE
                        APPLY TO THIS SOFTWARE.
   20 00000000         ; * ARM SHALL NOT, IN ANY CIRCUMSTANCES, BE LIABLE FOR S
                       PECIAL, INCIDENTAL, OR
   21 00000000         ; * CONSEQUENTIAL DAMAGES, FOR ANY REASON WHATSOEVER.
   22 00000000         ; *
   23 00000000         ; ******************************************************
                       ************************/
   24 00000000         
   25 00000000         ; *------- <<< Use Configuration Wizard in Context Menu 
                       >>> ------------------
   26 00000000         
   27 00000000         ; <h> Stack Configuration
   28 00000000         ;   <o> Stack Size (in Bytes) <0x0-0xFFFFFFFF:8>
   29 00000000         ; </h>
   30 00000000         
   31 00000000 00000200 
                       Stack_Size
                               EQU              0x00000200
   32 00000000         
   33 00000000                 AREA             STACK, NOINIT, READWRITE, ALIGN
=3
   34 00000000         Stack_Mem
                               SPACE            Stack_Size
   35 00000200         __initial_sp
   36 00000200         
   37 00000200         
   38 00000200         ; <h> Heap Configuration
   39 00000200         ;   <o>  Heap Size (in Bytes) <0x0-0xFFFFFFFF:8>
   40 00000200         ; </h>
   41 00000200         
   42 00000200 00000000 
                       Heap_Size



ARM Macro Assembler    Page 2 


                               EQU              0x00000000
   43 00000200         
   44 00000200                 AREA             HEAP, NOINIT, READWRITE, ALIGN=
3
   45 00000000         __heap_base
   46 00000000         Heap_Mem
                               SPACE            Heap_Size
   47 00000000         __heap_limit
   48 00000000         
   49 00000000         
   50 00000000                 PRESERVE8
   51 00000000                 THUMB
   52 00000000         
   53 00000000         
   54 00000000         ; Vector Table Mapped to Address 0 at Reset
   55 00000000         
   56 00000000                 AREA             RESET, DATA, READONLY
   57 00000000                 EXPORT           __Vectors
   58 00000000         
   59 00000000 00000000 
                       __Vectors
                               DCD              __initial_sp ; Top of Stack
   60 00000004 00000000        DCD              Reset_Handler ; Reset Handler
   61 00000008 00000000        DCD              NMI_Handler ; NMI Handler
   62 0000000C 00000000        DCD              HardFault_Handler ; Hard Fault 
                                                            Handler
   63 00000010 00000000        DCD              MemManage_Handler 
                                                            ; MPU Fault Handler
                                                            
   64 00000014 00000000        DCD              BusFault_Handler 
                                                            ; Bus Fault Handler
                                                            
   65 00000018 00000000        DCD              UsageFault_Handler ; Usage Faul
                                                            t Handler
   66 0000001C 00000000        DCD              0           ; Reserved
   67 00000020 00000000        DCD              0           ; Reserved
   68 00000024 00000000        DCD              0           ; Reserved
   69 00000028 00000000        DCD              0           ; Reserved
   70 0000002C 00000000        DCD              SVC_Handler ; SVCall Handler
   71 00000030 00000000        DCD              DebugMon_Handler ; Debug Monito
                                                            r Handler
   72 00000034 00000000        DCD              0           ; Reserved
   73 00000038 00000000        DCD              PendSV_Handler ; PendSV Handler
                                                            
   74 0000003C 00000000        DCD              SysTick_Handler 
                                                            ; SysTick Handler
   75 00000040         
   76 00000040         ; External Interrupts
   77 00000040 00000000        DCD              WDT_IRQHandler ; 16: Watchdog T
                                                            imer
   78 00000044 00000000        DCD              TIMER0_IRQHandler ; 17: Timer0
   79 00000048 00000000        DCD              TIMER1_IRQHandler ; 18: Timer1
   80 0000004C 00000000        DCD              TIMER2_IRQHandler ; 19: Timer2
   81 00000050 00000000        DCD              TIMER3_IRQHandler ; 20: Timer3
   82 00000054 00000000        DCD              UART0_IRQHandler ; 21: UART0
   83 00000058 00000000        DCD              UART1_IRQHandler ; 22: UART1
   84 0000005C 00000000        DCD              UART2_IRQHandler ; 23: UART2
   85 00000060 00000000        DCD              UART3_IRQHandler ; 24: UART3
   86 00000064 00000000        DCD              PWM1_IRQHandler ; 25: PWM1



ARM Macro Assembler    Page 3 


   87 00000068 00000000        DCD              I2C0_IRQHandler ; 26: I2C0
   88 0000006C 00000000        DCD              I2C1_IRQHandler ; 27: I2C1
   89 00000070 00000000        DCD              I2C2_IRQHandler ; 28: I2C2
   90 00000074 00000000        DCD              SPI_IRQHandler ; 29: SPI
   91 00000078 00000000        DCD              SSP0_IRQHandler ; 30: SSP0
   92 0000007C 00000000        DCD              SSP1_IRQHandler ; 31: SSP1
   93 00000080 00000000        DCD              PLL0_IRQHandler ; 32: PLL0 Lock
                                                             (Main PLL)
   94 00000084 00000000        DCD              RTC_IRQHandler ; 33: Real Time 
                                                            Clock
   95 00000088 00000000        DCD              EINT0_IRQHandler ; 34: External
                                                             Interrupt 0
   96 0000008C 00000000        DCD              EINT1_IRQHandler ; 35: External
                                                             Interrupt 1
   97 00000090 00000000        DCD              EINT2_IRQHandler ; 36: External
                                                             Interrupt 2
   98 00000094 00000000        DCD              EINT3_IRQHandler ; 37: External
                                                             Interrupt 3
   99 00000098 00000000        DCD              ADC_IRQHandler 
                                                            ; 38: A/D Converter
                                                            
  100 0000009C 00000000        DCD              BOD_IRQHandler ; 39: Brown-Out 
                                                            Detect
  101 000000A0 00000000        DCD              USB_IRQHandler ; 40: USB
  102 000000A4 00000000        DCD              CAN_IRQHandler ; 41: CAN
  103 000000A8 00000000        DCD              DMA_IRQHandler ; 42: General Pu
                                                            rpose DMA
  104 000000AC 00000000        DCD              I2S_IRQHandler ; 43: I2S
  105 000000B0 00000000        DCD              ENET_IRQHandler ; 44: Ethernet
  106 000000B4 00000000        DCD              RIT_IRQHandler ; 45: Repetitive
                                                             Interrupt Timer
  107 000000B8 00000000        DCD              MCPWM_IRQHandler ; 46: Motor Co
                                                            ntrol PWM
  108 000000BC 00000000        DCD              QEI_IRQHandler ; 47: Quadrature
                                                             Encoder Interface
  109 000000C0 00000000        DCD              PLL1_IRQHandler ; 48: PLL1 Lock
                                                             (USB PLL)
  110 000000C4 00000000        DCD              USBActivity_IRQHandler ; 49: US
                                                            B Activity interrup
                                                            t to wakeup
  111 000000C8 00000000        DCD              CANActivity_IRQHandler ; 50: CA
                                                            N Activity interrup
                                                            t to wakeup
  112 000000CC         
  113 000000CC         
  114 000000CC                 IF               :LNOT::DEF:NO_CRP
  115 000000CC                 AREA             |.ARM.__at_0x02FC|, CODE, READO
NLY
  116 00000000 FFFFFFFF 
                       CRP_Key DCD              0xFFFFFFFF
  117 00000004                 ENDIF
  118 00000004         
  119 00000004         
  120 00000004                 AREA             |.text|, CODE, READONLY, align=
3
  121 00000000         
  122 00000000         
  123 00000000         ; Reset Handler
  124 00000000         



ARM Macro Assembler    Page 4 


  125 00000000         Reset_Handler
                               PROC
  126 00000000                 EXPORT           Reset_Handler             [WEAK
]
  127 00000000 4809            LDR              R0, =Reset_Handler
  128 00000002         
  129 00000002         ; your code here
  130 00000002 F04F 4330       MOV              R3, #0xB0000000
  131 00000006 F04F 4420       MOV              R4, #0xA0000000
  132 0000000A         
  133 0000000A EB03 0204       ADD              R2, R3, R4
  134 0000000E EBA4 0502       SUB              R5, R4, R2
  135 00000012         
  136 00000012 E7FE            B                .
  137 00000014                 ENDP
  138 00000014         
  139 00000014         
  140 00000014         ; Dummy Exception Handlers (infinite loops which can be 
                       modified)
  141 00000014         
  142 00000014         NMI_Handler
                               PROC
  143 00000014                 EXPORT           NMI_Handler               [WEAK
]
  144 00000014 E7FE            B                .
  145 00000016                 ENDP
  147 00000016         HardFault_Handler
                               PROC
  148 00000016                 EXPORT           HardFault_Handler         [WEAK
]
  149 00000016 E7FE            B                .
  150 00000018                 ENDP
  152 00000018         MemManage_Handler
                               PROC
  153 00000018                 EXPORT           MemManage_Handler         [WEAK
]
  154 00000018 E7FE            B                .
  155 0000001A                 ENDP
  157 0000001A         BusFault_Handler
                               PROC
  158 0000001A                 EXPORT           BusFault_Handler          [WEAK
]
  159 0000001A E7FE            B                .
  160 0000001C                 ENDP
  162 0000001C         UsageFault_Handler
                               PROC
  163 0000001C                 EXPORT           UsageFault_Handler        [WEAK
]
  164 0000001C E7FE            B                .
  165 0000001E                 ENDP
  166 0000001E         SVC_Handler
                               PROC
  167 0000001E                 EXPORT           SVC_Handler               [WEAK
]
  168 0000001E E7FE            B                .
  169 00000020                 ENDP
  171 00000020         DebugMon_Handler
                               PROC
  172 00000020                 EXPORT           DebugMon_Handler          [WEAK



ARM Macro Assembler    Page 5 


]
  173 00000020 E7FE            B                .
  174 00000022                 ENDP
  175 00000022         PendSV_Handler
                               PROC
  176 00000022                 EXPORT           PendSV_Handler            [WEAK
]
  177 00000022 E7FE            B                .
  178 00000024                 ENDP
  179 00000024         SysTick_Handler
                               PROC
  180 00000024                 EXPORT           SysTick_Handler           [WEAK
]
  181 00000024 E7FE            B                .
  182 00000026                 ENDP
  183 00000026         
  184 00000026         Default_Handler
                               PROC
  185 00000026         
  186 00000026                 EXPORT           WDT_IRQHandler            [WEAK
]
  187 00000026                 EXPORT           TIMER0_IRQHandler         [WEAK
]
  188 00000026                 EXPORT           TIMER1_IRQHandler         [WEAK
]
  189 00000026                 EXPORT           TIMER2_IRQHandler         [WEAK
]
  190 00000026                 EXPORT           TIMER3_IRQHandler         [WEAK
]
  191 00000026                 EXPORT           UART0_IRQHandler          [WEAK
]
  192 00000026                 EXPORT           UART1_IRQHandler          [WEAK
]
  193 00000026                 EXPORT           UART2_IRQHandler          [WEAK
]
  194 00000026                 EXPORT           UART3_IRQHandler          [WEAK
]
  195 00000026                 EXPORT           PWM1_IRQHandler           [WEAK
]
  196 00000026                 EXPORT           I2C0_IRQHandler           [WEAK
]
  197 00000026                 EXPORT           I2C1_IRQHandler           [WEAK
]
  198 00000026                 EXPORT           I2C2_IRQHandler           [WEAK
]
  199 00000026                 EXPORT           SPI_IRQHandler            [WEAK
]
  200 00000026                 EXPORT           SSP0_IRQHandler           [WEAK
]
  201 00000026                 EXPORT           SSP1_IRQHandler           [WEAK
]
  202 00000026                 EXPORT           PLL0_IRQHandler           [WEAK
]
  203 00000026                 EXPORT           RTC_IRQHandler            [WEAK
]
  204 00000026                 EXPORT           EINT0_IRQHandler          [WEAK
]
  205 00000026                 EXPORT           EINT1_IRQHandler          [WEAK
]



ARM Macro Assembler    Page 6 


  206 00000026                 EXPORT           EINT2_IRQHandler          [WEAK
]
  207 00000026                 EXPORT           EINT3_IRQHandler          [WEAK
]
  208 00000026                 EXPORT           ADC_IRQHandler            [WEAK
]
  209 00000026                 EXPORT           BOD_IRQHandler            [WEAK
]
  210 00000026                 EXPORT           USB_IRQHandler            [WEAK
]
  211 00000026                 EXPORT           CAN_IRQHandler            [WEAK
]
  212 00000026                 EXPORT           DMA_IRQHandler            [WEAK
]
  213 00000026                 EXPORT           I2S_IRQHandler            [WEAK
]
  214 00000026                 EXPORT           ENET_IRQHandler           [WEAK
]
  215 00000026                 EXPORT           RIT_IRQHandler            [WEAK
]
  216 00000026                 EXPORT           MCPWM_IRQHandler          [WEAK
]
  217 00000026                 EXPORT           QEI_IRQHandler            [WEAK
]
  218 00000026                 EXPORT           PLL1_IRQHandler           [WEAK
]
  219 00000026                 EXPORT           USBActivity_IRQHandler    [WEAK
]
  220 00000026                 EXPORT           CANActivity_IRQHandler    [WEAK
]
  221 00000026         
  222 00000026         WDT_IRQHandler
  223 00000026         TIMER0_IRQHandler
  224 00000026         TIMER1_IRQHandler
  225 00000026         TIMER2_IRQHandler
  226 00000026         TIMER3_IRQHandler
  227 00000026         UART0_IRQHandler
  228 00000026         UART1_IRQHandler
  229 00000026         UART2_IRQHandler
  230 00000026         UART3_IRQHandler
  231 00000026         PWM1_IRQHandler
  232 00000026         I2C0_IRQHandler
  233 00000026         I2C1_IRQHandler
  234 00000026         I2C2_IRQHandler
  235 00000026         SPI_IRQHandler
  236 00000026         SSP0_IRQHandler
  237 00000026         SSP1_IRQHandler
  238 00000026         PLL0_IRQHandler
  239 00000026         RTC_IRQHandler
  240 00000026         EINT0_IRQHandler
  241 00000026         EINT1_IRQHandler
  242 00000026         EINT2_IRQHandler
  243 00000026         EINT3_IRQHandler
  244 00000026         ADC_IRQHandler
  245 00000026         BOD_IRQHandler
  246 00000026         USB_IRQHandler
  247 00000026         CAN_IRQHandler
  248 00000026         DMA_IRQHandler
  249 00000026         I2S_IRQHandler



ARM Macro Assembler    Page 7 


  250 00000026         ENET_IRQHandler
  251 00000026         RIT_IRQHandler
  252 00000026         MCPWM_IRQHandler
  253 00000026         QEI_IRQHandler
  254 00000026         PLL1_IRQHandler
  255 00000026         USBActivity_IRQHandler
  256 00000026         CANActivity_IRQHandler
  257 00000026         
  258 00000026 E7FE            B                .
  259 00000028         
  260 00000028                 ENDP
  261 00000028         
  262 00000028         
  263 00000028                 ALIGN
  264 00000028         
  265 00000028         
  266 00000028         ; User Initial Stack & Heap
  267 00000028         
  268 00000028                 EXPORT           __initial_sp
  269 00000028                 EXPORT           __heap_base
  270 00000028                 EXPORT           __heap_limit
  271 00000028         
  272 00000028                 END
              00000000 
Command Line: --debug --xref --diag_suppress=9931 --cpu=Cortex-M3 --apcs=interw
ork --depend=.\startup.d -o.\startup.o -I.\RTE\_Target_1 -IC:\Users\eliom\AppDa
ta\Local\Arm\Packs\ARM\CMSIS\5.9.0\CMSIS\Core\Include -IC:\Users\eliom\AppData\
Local\Arm\Packs\Keil\LPC1700_DFP\2.7.1\Device\Include --predefine="__EVAL SETA 
1" --predefine="__UVISION_VERSION SETA 536" --predefine="_RTE_ SETA 1" --predef
ine="LPC175x_6x SETA 1" --predefine="_RTE_ SETA 1" --list=.\startup.lst startup
.s



ARM Macro Assembler    Page 1 Alphabetic symbol ordering
Relocatable symbols

STACK 00000000

Symbol: STACK
   Definitions
      At line 33 in file startup.s
   Uses
      None
Comment: STACK unused
Stack_Mem 00000000

Symbol: Stack_Mem
   Definitions
      At line 34 in file startup.s
   Uses
      None
Comment: Stack_Mem unused
__initial_sp 00000200

Symbol: __initial_sp
   Definitions
      At line 35 in file startup.s
   Uses
      At line 59 in file startup.s
      At line 268 in file startup.s

3 symbols



ARM Macro Assembler    Page 1 Alphabetic symbol ordering
Relocatable symbols

HEAP 00000000

Symbol: HEAP
   Definitions
      At line 44 in file startup.s
   Uses
      None
Comment: HEAP unused
Heap_Mem 00000000

Symbol: Heap_Mem
   Definitions
      At line 46 in file startup.s
   Uses
      None
Comment: Heap_Mem unused
__heap_base 00000000

Symbol: __heap_base
   Definitions
      At line 45 in file startup.s
   Uses
      At line 269 in file startup.s
Comment: __heap_base used once
__heap_limit 00000000

Symbol: __heap_limit
   Definitions
      At line 47 in file startup.s
   Uses
      At line 270 in file startup.s
Comment: __heap_limit used once
4 symbols



ARM Macro Assembler    Page 1 Alphabetic symbol ordering
Relocatable symbols

RESET 00000000

Symbol: RESET
   Definitions
      At line 56 in file startup.s
   Uses
      None
Comment: RESET unused
__Vectors 00000000

Symbol: __Vectors
   Definitions
      At line 59 in file startup.s
   Uses
      At line 57 in file startup.s
Comment: __Vectors used once
2 symbols



ARM Macro Assembler    Page 1 Alphabetic symbol ordering
Relocatable symbols

.ARM.__at_0x02FC 00000000

Symbol: .ARM.__at_0x02FC
   Definitions
      At line 115 in file startup.s
   Uses
      None
Comment: .ARM.__at_0x02FC unused
CRP_Key 00000000

Symbol: CRP_Key
   Definitions
      At line 116 in file startup.s
   Uses
      None
Comment: CRP_Key unused
2 symbols



ARM Macro Assembler    Page 1 Alphabetic symbol ordering
Relocatable symbols

.text 00000000

Symbol: .text
   Definitions
      At line 120 in file startup.s
   Uses
      None
Comment: .text unused
ADC_IRQHandler 00000026

Symbol: ADC_IRQHandler
   Definitions
      At line 244 in file startup.s
   Uses
      At line 99 in file startup.s
      At line 208 in file startup.s

BOD_IRQHandler 00000026

Symbol: BOD_IRQHandler
   Definitions
      At line 245 in file startup.s
   Uses
      At line 100 in file startup.s
      At line 209 in file startup.s

BusFault_Handler 0000001A

Symbol: BusFault_Handler
   Definitions
      At line 157 in file startup.s
   Uses
      At line 64 in file startup.s
      At line 158 in file startup.s

CANActivity_IRQHandler 00000026

Symbol: CANActivity_IRQHandler
   Definitions
      At line 256 in file startup.s
   Uses
      At line 111 in file startup.s
      At line 220 in file startup.s

CAN_IRQHandler 00000026

Symbol: CAN_IRQHandler
   Definitions
      At line 247 in file startup.s
   Uses
      At line 102 in file startup.s
      At line 211 in file startup.s

DMA_IRQHandler 00000026

Symbol: DMA_IRQHandler
   Definitions
      At line 248 in file startup.s
   Uses



ARM Macro Assembler    Page 2 Alphabetic symbol ordering
Relocatable symbols

      At line 103 in file startup.s
      At line 212 in file startup.s

DebugMon_Handler 00000020

Symbol: DebugMon_Handler
   Definitions
      At line 171 in file startup.s
   Uses
      At line 71 in file startup.s
      At line 172 in file startup.s

Default_Handler 00000026

Symbol: Default_Handler
   Definitions
      At line 184 in file startup.s
   Uses
      None
Comment: Default_Handler unused
EINT0_IRQHandler 00000026

Symbol: EINT0_IRQHandler
   Definitions
      At line 240 in file startup.s
   Uses
      At line 95 in file startup.s
      At line 204 in file startup.s

EINT1_IRQHandler 00000026

Symbol: EINT1_IRQHandler
   Definitions
      At line 241 in file startup.s
   Uses
      At line 96 in file startup.s
      At line 205 in file startup.s

EINT2_IRQHandler 00000026

Symbol: EINT2_IRQHandler
   Definitions
      At line 242 in file startup.s
   Uses
      At line 97 in file startup.s
      At line 206 in file startup.s

EINT3_IRQHandler 00000026

Symbol: EINT3_IRQHandler
   Definitions
      At line 243 in file startup.s
   Uses
      At line 98 in file startup.s
      At line 207 in file startup.s

ENET_IRQHandler 00000026

Symbol: ENET_IRQHandler



ARM Macro Assembler    Page 3 Alphabetic symbol ordering
Relocatable symbols

   Definitions
      At line 250 in file startup.s
   Uses
      At line 105 in file startup.s
      At line 214 in file startup.s

HardFault_Handler 00000016

Symbol: HardFault_Handler
   Definitions
      At line 147 in file startup.s
   Uses
      At line 62 in file startup.s
      At line 148 in file startup.s

I2C0_IRQHandler 00000026

Symbol: I2C0_IRQHandler
   Definitions
      At line 232 in file startup.s
   Uses
      At line 87 in file startup.s
      At line 196 in file startup.s

I2C1_IRQHandler 00000026

Symbol: I2C1_IRQHandler
   Definitions
      At line 233 in file startup.s
   Uses
      At line 88 in file startup.s
      At line 197 in file startup.s

I2C2_IRQHandler 00000026

Symbol: I2C2_IRQHandler
   Definitions
      At line 234 in file startup.s
   Uses
      At line 89 in file startup.s
      At line 198 in file startup.s

I2S_IRQHandler 00000026

Symbol: I2S_IRQHandler
   Definitions
      At line 249 in file startup.s
   Uses
      At line 104 in file startup.s
      At line 213 in file startup.s

MCPWM_IRQHandler 00000026

Symbol: MCPWM_IRQHandler
   Definitions
      At line 252 in file startup.s
   Uses
      At line 107 in file startup.s
      At line 216 in file startup.s



ARM Macro Assembler    Page 4 Alphabetic symbol ordering
Relocatable symbols


MemManage_Handler 00000018

Symbol: MemManage_Handler
   Definitions
      At line 152 in file startup.s
   Uses
      At line 63 in file startup.s
      At line 153 in file startup.s

NMI_Handler 00000014

Symbol: NMI_Handler
   Definitions
      At line 142 in file startup.s
   Uses
      At line 61 in file startup.s
      At line 143 in file startup.s

PLL0_IRQHandler 00000026

Symbol: PLL0_IRQHandler
   Definitions
      At line 238 in file startup.s
   Uses
      At line 93 in file startup.s
      At line 202 in file startup.s

PLL1_IRQHandler 00000026

Symbol: PLL1_IRQHandler
   Definitions
      At line 254 in file startup.s
   Uses
      At line 109 in file startup.s
      At line 218 in file startup.s

PWM1_IRQHandler 00000026

Symbol: PWM1_IRQHandler
   Definitions
      At line 231 in file startup.s
   Uses
      At line 86 in file startup.s
      At line 195 in file startup.s

PendSV_Handler 00000022

Symbol: PendSV_Handler
   Definitions
      At line 175 in file startup.s
   Uses
      At line 73 in file startup.s
      At line 176 in file startup.s

QEI_IRQHandler 00000026

Symbol: QEI_IRQHandler
   Definitions



ARM Macro Assembler    Page 5 Alphabetic symbol ordering
Relocatable symbols

      At line 253 in file startup.s
   Uses
      At line 108 in file startup.s
      At line 217 in file startup.s

RIT_IRQHandler 00000026

Symbol: RIT_IRQHandler
   Definitions
      At line 251 in file startup.s
   Uses
      At line 106 in file startup.s
      At line 215 in file startup.s

RTC_IRQHandler 00000026

Symbol: RTC_IRQHandler
   Definitions
      At line 239 in file startup.s
   Uses
      At line 94 in file startup.s
      At line 203 in file startup.s

Reset_Handler 00000000

Symbol: Reset_Handler
   Definitions
      At line 125 in file startup.s
   Uses
      At line 60 in file startup.s
      At line 126 in file startup.s
      At line 127 in file startup.s

SPI_IRQHandler 00000026

Symbol: SPI_IRQHandler
   Definitions
      At line 235 in file startup.s
   Uses
      At line 90 in file startup.s
      At line 199 in file startup.s

SSP0_IRQHandler 00000026

Symbol: SSP0_IRQHandler
   Definitions
      At line 236 in file startup.s
   Uses
      At line 91 in file startup.s
      At line 200 in file startup.s

SSP1_IRQHandler 00000026

Symbol: SSP1_IRQHandler
   Definitions
      At line 237 in file startup.s
   Uses
      At line 92 in file startup.s
      At line 201 in file startup.s



ARM Macro Assembler    Page 6 Alphabetic symbol ordering
Relocatable symbols


SVC_Handler 0000001E

Symbol: SVC_Handler
   Definitions
      At line 166 in file startup.s
   Uses
      At line 70 in file startup.s
      At line 167 in file startup.s

SysTick_Handler 00000024

Symbol: SysTick_Handler
   Definitions
      At line 179 in file startup.s
   Uses
      At line 74 in file startup.s
      At line 180 in file startup.s

TIMER0_IRQHandler 00000026

Symbol: TIMER0_IRQHandler
   Definitions
      At line 223 in file startup.s
   Uses
      At line 78 in file startup.s
      At line 187 in file startup.s

TIMER1_IRQHandler 00000026

Symbol: TIMER1_IRQHandler
   Definitions
      At line 224 in file startup.s
   Uses
      At line 79 in file startup.s
      At line 188 in file startup.s

TIMER2_IRQHandler 00000026

Symbol: TIMER2_IRQHandler
   Definitions
      At line 225 in file startup.s
   Uses
      At line 80 in file startup.s
      At line 189 in file startup.s

TIMER3_IRQHandler 00000026

Symbol: TIMER3_IRQHandler
   Definitions
      At line 226 in file startup.s
   Uses
      At line 81 in file startup.s
      At line 190 in file startup.s

UART0_IRQHandler 00000026

Symbol: UART0_IRQHandler
   Definitions



ARM Macro Assembler    Page 7 Alphabetic symbol ordering
Relocatable symbols

      At line 227 in file startup.s
   Uses
      At line 82 in file startup.s
      At line 191 in file startup.s

UART1_IRQHandler 00000026

Symbol: UART1_IRQHandler
   Definitions
      At line 228 in file startup.s
   Uses
      At line 83 in file startup.s
      At line 192 in file startup.s

UART2_IRQHandler 00000026

Symbol: UART2_IRQHandler
   Definitions
      At line 229 in file startup.s
   Uses
      At line 84 in file startup.s
      At line 193 in file startup.s

UART3_IRQHandler 00000026

Symbol: UART3_IRQHandler
   Definitions
      At line 230 in file startup.s
   Uses
      At line 85 in file startup.s
      At line 194 in file startup.s

USBActivity_IRQHandler 00000026

Symbol: USBActivity_IRQHandler
   Definitions
      At line 255 in file startup.s
   Uses
      At line 110 in file startup.s
      At line 219 in file startup.s

USB_IRQHandler 00000026

Symbol: USB_IRQHandler
   Definitions
      At line 246 in file startup.s
   Uses
      At line 101 in file startup.s
      At line 210 in file startup.s

UsageFault_Handler 0000001C

Symbol: UsageFault_Handler
   Definitions
      At line 162 in file startup.s
   Uses
      At line 65 in file startup.s
      At line 163 in file startup.s




ARM Macro Assembler    Page 8 Alphabetic symbol ordering
Relocatable symbols

WDT_IRQHandler 00000026

Symbol: WDT_IRQHandler
   Definitions
      At line 222 in file startup.s
   Uses
      At line 77 in file startup.s
      At line 186 in file startup.s

47 symbols



ARM Macro Assembler    Page 1 Alphabetic symbol ordering
Absolute symbols

Heap_Size 00000000

Symbol: Heap_Size
   Definitions
      At line 42 in file startup.s
   Uses
      At line 46 in file startup.s
Comment: Heap_Size used once
Stack_Size 00000200

Symbol: Stack_Size
   Definitions
      At line 31 in file startup.s
   Uses
      At line 34 in file startup.s
Comment: Stack_Size used once
2 symbols
398 symbols in table
