


ARM Macro Assembler    Page 1 


    1 00000000         ;/******************************************************
                       ********************//**
    2 00000000         ; * @file     startup_LPC17xx.s
    3 00000000         ; * @brief    CMSIS Cortex-M3 Core Device Startup File f
                       or
    4 00000000         ; *           NXP LPC17xx Device Series
    5 00000000         ; * @version  V1.10
    6 00000000         ; * @date     06. April 2011
    7 00000000         ; *
    8 00000000         ; * @note
    9 00000000         ; * Copyright (C) 2009-2011 ARM Limited. All rights rese
                       rved.
   10 00000000         ; *
   11 00000000         ; * @par
   12 00000000         ; * ARM Limited (ARM) is supplying this software for use
                        with Cortex-M
   13 00000000         ; * processor based microcontrollers.  This file can be 
                       freely distributed
   14 00000000         ; * within development tools that are supporting such AR
                       M based processors.
   15 00000000         ; *
   16 00000000         ; * @par
   17 00000000         ; * THIS SOFTWARE IS PROVIDED "AS IS".  NO WARRANTIES, W
                       HETHER EXPRESS, IMPLIED
   18 00000000         ; * OR STATUTORY, INCLUDING, BUT NOT LIMITED TO, IMPLIED
                        WARRANTIES OF
   19 00000000         ; * MERCHANTABILITY AND FITNESS FOR A PARTICULAR PURPOSE
                        APPLY TO THIS SOFTWARE.
   20 00000000         ; * ARM SHALL NOT, IN ANY CIRCUMSTANCES, BE LIABLE FOR S
                       PECIAL, INCIDENTAL, OR
   21 00000000         ; * CONSEQUENTIAL DAMAGES, FOR ANY REASON WHATSOEVER.
   22 00000000         ; *
   23 00000000         ; ******************************************************
                       ************************/
   24 00000000         
   25 00000000         ; *------- <<< Use Configuration Wizard in Context Menu 
                       >>> ------------------
   26 00000000         
   27 00000000         ; <h> Stack Configuration
   28 00000000         ;   <o> Stack Size (in Bytes) <0x0-0xFFFFFFFF:8>
   29 00000000         ; </h>
   30 00000000         
   31 00000000 00000200 
                       Stack_Size
                               EQU              0x00000200
   32 00000000         
   33 00000000                 AREA             STACK, NOINIT, READWRITE, ALIGN
=3
   34 00000000         Stack_Mem
                               SPACE            Stack_Size
   35 00000200         __initial_sp
   36 00000200         
   37 00000200         
   38 00000200         ; <h> Heap Configuration
   39 00000200         ;   <o>  Heap Size (in Bytes) <0x0-0xFFFFFFFF:8>
   40 00000200         ; </h>
   41 00000200         
   42 00000200 00000000 
                       Heap_Size



ARM Macro Assembler    Page 2 


                               EQU              0x00000000
   43 00000200         
   44 00000200                 AREA             HEAP, NOINIT, READWRITE, ALIGN=
3
   45 00000000         __heap_base
   46 00000000         Heap_Mem
                               SPACE            Heap_Size
   47 00000000         __heap_limit
   48 00000000         
   49 00000000         
   50 00000000                 PRESERVE8
   51 00000000                 THUMB
   52 00000000         
   53 00000000         
   54 00000000         ; Vector Table Mapped to Address 0 at Reset
   55 00000000         
   56 00000000                 AREA             RESET, DATA, READONLY
   57 00000000                 EXPORT           __Vectors
   58 00000000         
   59 00000000 00000000 
                       __Vectors
                               DCD              __initial_sp ; Top of Stack
   60 00000004 00000000        DCD              Reset_Handler ; Reset Handler
   61 00000008 00000000        DCD              NMI_Handler ; NMI Handler
   62 0000000C 00000000        DCD              HardFault_Handler ; Hard Fault 
                                                            Handler
   63 00000010 00000000        DCD              MemManage_Handler 
                                                            ; MPU Fault Handler
                                                            
   64 00000014 00000000        DCD              BusFault_Handler 
                                                            ; Bus Fault Handler
                                                            
   65 00000018 00000000        DCD              UsageFault_Handler ; Usage Faul
                                                            t Handler
   66 0000001C 00000000        DCD              0           ; Reserved
   67 00000020 00000000        DCD              0           ; Reserved
   68 00000024 00000000        DCD              0           ; Reserved
   69 00000028 00000000        DCD              0           ; Reserved
   70 0000002C 00000000        DCD              SVC_Handler ; SVCall Handler
   71 00000030 00000000        DCD              DebugMon_Handler ; Debug Monito
                                                            r Handler
   72 00000034 00000000        DCD              0           ; Reserved
   73 00000038 00000000        DCD              PendSV_Handler ; PendSV Handler
                                                            
   74 0000003C 00000000        DCD              SysTick_Handler 
                                                            ; SysTick Handler
   75 00000040         
   76 00000040         ; External Interrupts
   77 00000040 00000000        DCD              WDT_IRQHandler ; 16: Watchdog T
                                                            imer
   78 00000044 00000000        DCD              TIMER0_IRQHandler ; 17: Timer0
   79 00000048 00000000        DCD              TIMER1_IRQHandler ; 18: Timer1
   80 0000004C 00000000        DCD              TIMER2_IRQHandler ; 19: Timer2
   81 00000050 00000000        DCD              TIMER3_IRQHandler ; 20: Timer3
   82 00000054 00000000        DCD              UART0_IRQHandler ; 21: UART0
   83 00000058 00000000        DCD              UART1_IRQHandler ; 22: UART1
   84 0000005C 00000000        DCD              UART2_IRQHandler ; 23: UART2
   85 00000060 00000000        DCD              UART3_IRQHandler ; 24: UART3
   86 00000064 00000000        DCD              PWM1_IRQHandler ; 25: PWM1



ARM Macro Assembler    Page 3 


   87 00000068 00000000        DCD              I2C0_IRQHandler ; 26: I2C0
   88 0000006C 00000000        DCD              I2C1_IRQHandler ; 27: I2C1
   89 00000070 00000000        DCD              I2C2_IRQHandler ; 28: I2C2
   90 00000074 00000000        DCD              SPI_IRQHandler ; 29: SPI
   91 00000078 00000000        DCD              SSP0_IRQHandler ; 30: SSP0
   92 0000007C 00000000        DCD              SSP1_IRQHandler ; 31: SSP1
   93 00000080 00000000        DCD              PLL0_IRQHandler ; 32: PLL0 Lock
                                                             (Main PLL)
   94 00000084 00000000        DCD              RTC_IRQHandler ; 33: Real Time 
                                                            Clock
   95 00000088 00000000        DCD              EINT0_IRQHandler ; 34: External
                                                             Interrupt 0
   96 0000008C 00000000        DCD              EINT1_IRQHandler ; 35: External
                                                             Interrupt 1
   97 00000090 00000000        DCD              EINT2_IRQHandler ; 36: External
                                                             Interrupt 2
   98 00000094 00000000        DCD              EINT3_IRQHandler ; 37: External
                                                             Interrupt 3
   99 00000098 00000000        DCD              ADC_IRQHandler 
                                                            ; 38: A/D Converter
                                                            
  100 0000009C 00000000        DCD              BOD_IRQHandler ; 39: Brown-Out 
                                                            Detect
  101 000000A0 00000000        DCD              USB_IRQHandler ; 40: USB
  102 000000A4 00000000        DCD              CAN_IRQHandler ; 41: CAN
  103 000000A8 00000000        DCD              DMA_IRQHandler ; 42: General Pu
                                                            rpose DMA
  104 000000AC 00000000        DCD              I2S_IRQHandler ; 43: I2S
  105 000000B0 00000000        DCD              ENET_IRQHandler ; 44: Ethernet
  106 000000B4 00000000        DCD              RIT_IRQHandler ; 45: Repetitive
                                                             Interrupt Timer
  107 000000B8 00000000        DCD              MCPWM_IRQHandler ; 46: Motor Co
                                                            ntrol PWM
  108 000000BC 00000000        DCD              QEI_IRQHandler ; 47: Quadrature
                                                             Encoder Interface
  109 000000C0 00000000        DCD              PLL1_IRQHandler ; 48: PLL1 Lock
                                                             (USB PLL)
  110 000000C4 00000000        DCD              USBActivity_IRQHandler ; 49: US
                                                            B Activity interrup
                                                            t to wakeup
  111 000000C8 00000000        DCD              CANActivity_IRQHandler ; 50: CA
                                                            N Activity interrup
                                                            t to wakeup
  112 000000CC         
  113 000000CC         
  114 000000CC                 IF               :LNOT::DEF:NO_CRP
  115 000000CC                 AREA             |.ARM.__at_0x02FC|, CODE, READO
NLY
  116 00000000 FFFFFFFF 
                       CRP_Key DCD              0xFFFFFFFF
  117 00000004                 ENDIF
  118 00000004         
  119 00000004         
  120 00000004                 AREA             |.text|, CODE, READONLY, align=
3
  121 00000000         
  122 00000000         
  123 00000000         ; Reset Handler
  124 00000000        1 



ARM Macro Assembler    Page 4 


                       value   RN               R1
  125 00000000        2 
                       var     RN               R2
  126 00000000        7 
                       count   RN               R7
  127 00000000        3 
                       index   RN               R3
  128 00000000         
  129 00000000         Reset_Handler
                               PROC
  130 00000000                 EXPORT           Reset_Handler             [WEAK
]
  131 00000000 481E            LDR              R0, =Reset_Handler
  132 00000002         
  133 00000002         ; your code here
  134 00000002 F04F 31A0       MOV              value, #0xA0A0A0A0
  135 00000006 F04F 0320       MOV              index, #32
  136 0000000A 460A            MOV              var, value
  137 0000000C F04F 0700       MOV              count, #0
  138 00000010         
  139 00000010         ;1101 0001 = D 1 = 209
  140 00000010         ;1010 0010 = A 2 = 162
  141 00000010         ;0100 0100 = 4 4 = 68
  142 00000010         ;1000 1000 = 8 8 = 136
  143 00000010         ;0001 0000 = 1 0 = 16
  144 00000010         ;0010 0000 = 2 0 = 32
  145 00000010         ;0100 0000 = 4 0 = 64
  146 00000010         ;1000 0000 = 8 0 = 128
  147 00000010         ;0000 0000 = 0 0 = 0
  148 00000010         
  149 00000010         ;1001 0101 = 9 5 = 149
  150 00000010         ;0010 1010 = 2 A = 42
  151 00000010         ;0101 0100 = 5 4 = 84
  152 00000010         ;1010 1000 = A 8 = 168
  153 00000010         ;0101 0000 = 5 0 = 80
  154 00000010         ;1010 0000 = A 0 = 160
  155 00000010         ;0100 0000 = 4 0 = 64
  156 00000010         ;1000 0000 = 8 0 = 128
  157 00000010         ;0000 0000 = 0 0 = 0
  158 00000010         
  159 00000010         ;1001 0001 = 9 1 = 145
  160 00000010         ;0010 0010 = 4 2 = 34
  161 00000010         ;0100 0100 = 4 4 = 68
  162 00000010         ;1000 1000 = 8 8 = 136
  163 00000010         ;0001 0000 = 1 0 = 16
  164 00000010         ;0010 0000 = 2 0 = 32
  165 00000010         ;0100 0000 = 4 0 = 64
  166 00000010         ;1000 0000 = 8 0 = 128
  167 00000010         ;0000 0000 = 0 0 = 0
  168 00000010         
  169 00000010         ; I can check looking the value sequence or
  170 00000010         ; simply playing with flags
  171 00000010         
  172 00000010         ;PL  N = 0
  173 00000010         ;MI  N = 1
  174 00000010         ;zeros     N flag
  175 00000010         ;1011 0000 = B 0 = 176  value 0  0
  176 00000010         ;0110 0001 = 6 1 = 97 var  0  1
  177 00000010         ;1100 0010 = C 2 = 194   1  0



ARM Macro Assembler    Page 5 


  178 00000010         ;1000 0101 = 8 5 = 133   0  0
  179 00000010         ;0000 1011 = 0 B = 11   0  0
  180 00000010         ;0001 0110 = 1 6 = 22   1  1
  181 00000010         ;0010 1100 = 2 C = 44   2  1
  182 00000010         ;0101 1000 = 5 8 = 88   3  1
  183 00000010         ;1011 0000 = B 0 = 176   4  1
  184 00000010         ;0110 0001 = 6 1 = 97   0  0 stop
  185 00000010         ;1100 0010 = C 2 = 194   1  
  186 00000010         ;1000 0101 = 8 5 = 133   0
  187 00000010         ;0000 1011 = 0 B = 11   0
  188 00000010         
  189 00000010         ;1011 0000 1011 0000 1011 0000
  190 00000010         
  191 00000010         loop
  192 00000010 F1A3 0301       SUB              index, index, #1 ;index--
  193 00000014 2B00            CMP              index, #0
  194 00000016 D020            BEQ              exit        ;if(index == 0) got
                                                            o exit
  195 00000018         
  196 00000018 F04F 0700       MOV              count, #0   ;update count to 0
  197 0000001C EA4F 0242       LSL              var, #1
  198 00000020 4291            CMP              value, var
  199 00000022 4611            MOV              value, var
  200 00000024 D400            BMI              check       ;if(N == 1) goto ch
                                                            eck
  201 00000026 E7F3            B                loop
  202 00000028         
  203 00000028         check
  204 00000028 F04F 0701       MOV              count, #1   ;count++
  205 0000002C F1A3 0301       SUB              index, index, #1
  206 00000030 2B00            CMP              index, #0
  207 00000032 D012            BEQ              exit        ;if(index == 0) got
                                                            o exit
  208 00000034 EA4F 0242       LSL              var, #1
  209 00000038 4291            CMP              value, var  ;if(N == 0) goto lo
                                                            op (another 1 so it
                                                            's only one 0)
  210 0000003A 4611            MOV              value, var
  211 0000003C D5E8            BPL              loop
  212 0000003E         
  213 0000003E F107 0701       ADD              count, count, #1 ;count++ (I co
                                                            unt the additional 
                                                            calculate done in t
                                                            he check section)
  214 00000042         
  215 00000042         counter
  216 00000042 F1A3 0301       SUB              index, index, #1
  217 00000046 2B00            CMP              index, #0
  218 00000048 D007            BEQ              exit        ;if(count == 0) got
                                                            o exit
  219 0000004A         
  220 0000004A EA4F 0242       LSL              var, #1
  221 0000004E 4291            CMP              value, var
  222 00000050 4611            MOV              value, var
  223 00000052 D502            BPL              exit        ;if(N == 0) goto ex
                                                            it (I got a 1 there
                                                            fore I terminate al
                                                            l leading zeros)
  224 00000054         



ARM Macro Assembler    Page 6 


  225 00000054 F107 0701       ADD              count, count, #1 ;else count++
  226 00000058 E7F3            B                counter
  227 0000005A         
  228 0000005A         exit
  229 0000005A F017 0F01       TST              count, #1   ;count && 0x1
  230 0000005E BF14 18D4       ADDNE            R4, R2, R3  ;odd N = 0
  231 00000062 1AD4            SUBEQ            R4, R2, R3  ;even N = 1
  232 00000064         
  233 00000064 4700            BX               R0
  234 00000066                 ENDP
  235 00000066         
  236 00000066         
  237 00000066         ; Dummy Exception Handlers (infinite loops which can be 
                       modified)
  238 00000066         
  239 00000066         NMI_Handler
                               PROC
  240 00000066                 EXPORT           NMI_Handler               [WEAK
]
  241 00000066 E7FE            B                .
  242 00000068                 ENDP
  244 00000068         HardFault_Handler
                               PROC
  245 00000068                 EXPORT           HardFault_Handler         [WEAK
]
  246 00000068 E7FE            B                .
  247 0000006A                 ENDP
  249 0000006A         MemManage_Handler
                               PROC
  250 0000006A                 EXPORT           MemManage_Handler         [WEAK
]
  251 0000006A E7FE            B                .
  252 0000006C                 ENDP
  254 0000006C         BusFault_Handler
                               PROC
  255 0000006C                 EXPORT           BusFault_Handler          [WEAK
]
  256 0000006C E7FE            B                .
  257 0000006E                 ENDP
  259 0000006E         UsageFault_Handler
                               PROC
  260 0000006E                 EXPORT           UsageFault_Handler        [WEAK
]
  261 0000006E E7FE            B                .
  262 00000070                 ENDP
  263 00000070         SVC_Handler
                               PROC
  264 00000070                 EXPORT           SVC_Handler               [WEAK
]
  265 00000070 E7FE            B                .
  266 00000072                 ENDP
  268 00000072         DebugMon_Handler
                               PROC
  269 00000072                 EXPORT           DebugMon_Handler          [WEAK
]
  270 00000072 E7FE            B                .
  271 00000074                 ENDP
  272 00000074         PendSV_Handler
                               PROC



ARM Macro Assembler    Page 7 


  273 00000074                 EXPORT           PendSV_Handler            [WEAK
]
  274 00000074 E7FE            B                .
  275 00000076                 ENDP
  276 00000076         SysTick_Handler
                               PROC
  277 00000076                 EXPORT           SysTick_Handler           [WEAK
]
  278 00000076 E7FE            B                .
  279 00000078                 ENDP
  280 00000078         
  281 00000078         Default_Handler
                               PROC
  282 00000078         
  283 00000078                 EXPORT           WDT_IRQHandler            [WEAK
]
  284 00000078                 EXPORT           TIMER0_IRQHandler         [WEAK
]
  285 00000078                 EXPORT           TIMER1_IRQHandler         [WEAK
]
  286 00000078                 EXPORT           TIMER2_IRQHandler         [WEAK
]
  287 00000078                 EXPORT           TIMER3_IRQHandler         [WEAK
]
  288 00000078                 EXPORT           UART0_IRQHandler          [WEAK
]
  289 00000078                 EXPORT           UART1_IRQHandler          [WEAK
]
  290 00000078                 EXPORT           UART2_IRQHandler          [WEAK
]
  291 00000078                 EXPORT           UART3_IRQHandler          [WEAK
]
  292 00000078                 EXPORT           PWM1_IRQHandler           [WEAK
]
  293 00000078                 EXPORT           I2C0_IRQHandler           [WEAK
]
  294 00000078                 EXPORT           I2C1_IRQHandler           [WEAK
]
  295 00000078                 EXPORT           I2C2_IRQHandler           [WEAK
]
  296 00000078                 EXPORT           SPI_IRQHandler            [WEAK
]
  297 00000078                 EXPORT           SSP0_IRQHandler           [WEAK
]
  298 00000078                 EXPORT           SSP1_IRQHandler           [WEAK
]
  299 00000078                 EXPORT           PLL0_IRQHandler           [WEAK
]
  300 00000078                 EXPORT           RTC_IRQHandler            [WEAK
]
  301 00000078                 EXPORT           EINT0_IRQHandler          [WEAK
]
  302 00000078                 EXPORT           EINT1_IRQHandler          [WEAK
]
  303 00000078                 EXPORT           EINT2_IRQHandler          [WEAK
]
  304 00000078                 EXPORT           EINT3_IRQHandler          [WEAK
]
  305 00000078                 EXPORT           ADC_IRQHandler            [WEAK



ARM Macro Assembler    Page 8 


]
  306 00000078                 EXPORT           BOD_IRQHandler            [WEAK
]
  307 00000078                 EXPORT           USB_IRQHandler            [WEAK
]
  308 00000078                 EXPORT           CAN_IRQHandler            [WEAK
]
  309 00000078                 EXPORT           DMA_IRQHandler            [WEAK
]
  310 00000078                 EXPORT           I2S_IRQHandler            [WEAK
]
  311 00000078                 EXPORT           ENET_IRQHandler           [WEAK
]
  312 00000078                 EXPORT           RIT_IRQHandler            [WEAK
]
  313 00000078                 EXPORT           MCPWM_IRQHandler          [WEAK
]
  314 00000078                 EXPORT           QEI_IRQHandler            [WEAK
]
  315 00000078                 EXPORT           PLL1_IRQHandler           [WEAK
]
  316 00000078                 EXPORT           USBActivity_IRQHandler    [WEAK
]
  317 00000078                 EXPORT           CANActivity_IRQHandler    [WEAK
]
  318 00000078         
  319 00000078         WDT_IRQHandler
  320 00000078         TIMER0_IRQHandler
  321 00000078         TIMER1_IRQHandler
  322 00000078         TIMER2_IRQHandler
  323 00000078         TIMER3_IRQHandler
  324 00000078         UART0_IRQHandler
  325 00000078         UART1_IRQHandler
  326 00000078         UART2_IRQHandler
  327 00000078         UART3_IRQHandler
  328 00000078         PWM1_IRQHandler
  329 00000078         I2C0_IRQHandler
  330 00000078         I2C1_IRQHandler
  331 00000078         I2C2_IRQHandler
  332 00000078         SPI_IRQHandler
  333 00000078         SSP0_IRQHandler
  334 00000078         SSP1_IRQHandler
  335 00000078         PLL0_IRQHandler
  336 00000078         RTC_IRQHandler
  337 00000078         EINT0_IRQHandler
  338 00000078         EINT1_IRQHandler
  339 00000078         EINT2_IRQHandler
  340 00000078         EINT3_IRQHandler
  341 00000078         ADC_IRQHandler
  342 00000078         BOD_IRQHandler
  343 00000078         USB_IRQHandler
  344 00000078         CAN_IRQHandler
  345 00000078         DMA_IRQHandler
  346 00000078         I2S_IRQHandler
  347 00000078         ENET_IRQHandler
  348 00000078         RIT_IRQHandler
  349 00000078         MCPWM_IRQHandler
  350 00000078         QEI_IRQHandler
  351 00000078         PLL1_IRQHandler



ARM Macro Assembler    Page 9 


  352 00000078         USBActivity_IRQHandler
  353 00000078         CANActivity_IRQHandler
  354 00000078         
  355 00000078 E7FE            B                .
  356 0000007A         
  357 0000007A                 ENDP
  358 0000007A         
  359 0000007A         
  360 0000007A 00 00           ALIGN
  361 0000007C         
  362 0000007C         
  363 0000007C         ; User Initial Stack & Heap
  364 0000007C         
  365 0000007C                 EXPORT           __initial_sp
  366 0000007C                 EXPORT           __heap_base
  367 0000007C                 EXPORT           __heap_limit
  368 0000007C         
  369 0000007C                 END
              00000000 
Command Line: --debug --xref --diag_suppress=9931 --cpu=Cortex-M3 --apcs=interw
ork --depend=.\startup.d -o.\startup.o -I.\RTE\_Target_1 -IC:\Users\eliom\AppDa
ta\Local\Arm\Packs\ARM\CMSIS\5.9.0\CMSIS\Core\Include -IC:\Users\eliom\AppData\
Local\Arm\Packs\Keil\LPC1700_DFP\2.7.1\Device\Include --predefine="__EVAL SETA 
1" --predefine="__UVISION_VERSION SETA 536" --predefine="_RTE_ SETA 1" --predef
ine="LPC175x_6x SETA 1" --predefine="_RTE_ SETA 1" --list=.\startup.lst startup
.s



ARM Macro Assembler    Page 1 Alphabetic symbol ordering
Relocatable symbols

STACK 00000000

Symbol: STACK
   Definitions
      At line 33 in file startup.s
   Uses
      None
Comment: STACK unused
Stack_Mem 00000000

Symbol: Stack_Mem
   Definitions
      At line 34 in file startup.s
   Uses
      None
Comment: Stack_Mem unused
__initial_sp 00000200

Symbol: __initial_sp
   Definitions
      At line 35 in file startup.s
   Uses
      At line 59 in file startup.s
      At line 365 in file startup.s

3 symbols



ARM Macro Assembler    Page 1 Alphabetic symbol ordering
Relocatable symbols

HEAP 00000000

Symbol: HEAP
   Definitions
      At line 44 in file startup.s
   Uses
      None
Comment: HEAP unused
Heap_Mem 00000000

Symbol: Heap_Mem
   Definitions
      At line 46 in file startup.s
   Uses
      None
Comment: Heap_Mem unused
__heap_base 00000000

Symbol: __heap_base
   Definitions
      At line 45 in file startup.s
   Uses
      At line 366 in file startup.s
Comment: __heap_base used once
__heap_limit 00000000

Symbol: __heap_limit
   Definitions
      At line 47 in file startup.s
   Uses
      At line 367 in file startup.s
Comment: __heap_limit used once
4 symbols



ARM Macro Assembler    Page 1 Alphabetic symbol ordering
Relocatable symbols

RESET 00000000

Symbol: RESET
   Definitions
      At line 56 in file startup.s
   Uses
      None
Comment: RESET unused
__Vectors 00000000

Symbol: __Vectors
   Definitions
      At line 59 in file startup.s
   Uses
      At line 57 in file startup.s
Comment: __Vectors used once
2 symbols



ARM Macro Assembler    Page 1 Alphabetic symbol ordering
Relocatable symbols

.ARM.__at_0x02FC 00000000

Symbol: .ARM.__at_0x02FC
   Definitions
      At line 115 in file startup.s
   Uses
      None
Comment: .ARM.__at_0x02FC unused
CRP_Key 00000000

Symbol: CRP_Key
   Definitions
      At line 116 in file startup.s
   Uses
      None
Comment: CRP_Key unused
2 symbols



ARM Macro Assembler    Page 1 Alphabetic symbol ordering
Relocatable symbols

.text 00000000

Symbol: .text
   Definitions
      At line 120 in file startup.s
   Uses
      None
Comment: .text unused
ADC_IRQHandler 00000078

Symbol: ADC_IRQHandler
   Definitions
      At line 341 in file startup.s
   Uses
      At line 99 in file startup.s
      At line 305 in file startup.s

BOD_IRQHandler 00000078

Symbol: BOD_IRQHandler
   Definitions
      At line 342 in file startup.s
   Uses
      At line 100 in file startup.s
      At line 306 in file startup.s

BusFault_Handler 0000006C

Symbol: BusFault_Handler
   Definitions
      At line 254 in file startup.s
   Uses
      At line 64 in file startup.s
      At line 255 in file startup.s

CANActivity_IRQHandler 00000078

Symbol: CANActivity_IRQHandler
   Definitions
      At line 353 in file startup.s
   Uses
      At line 111 in file startup.s
      At line 317 in file startup.s

CAN_IRQHandler 00000078

Symbol: CAN_IRQHandler
   Definitions
      At line 344 in file startup.s
   Uses
      At line 102 in file startup.s
      At line 308 in file startup.s

DMA_IRQHandler 00000078

Symbol: DMA_IRQHandler
   Definitions
      At line 345 in file startup.s
   Uses



ARM Macro Assembler    Page 2 Alphabetic symbol ordering
Relocatable symbols

      At line 103 in file startup.s
      At line 309 in file startup.s

DebugMon_Handler 00000072

Symbol: DebugMon_Handler
   Definitions
      At line 268 in file startup.s
   Uses
      At line 71 in file startup.s
      At line 269 in file startup.s

Default_Handler 00000078

Symbol: Default_Handler
   Definitions
      At line 281 in file startup.s
   Uses
      None
Comment: Default_Handler unused
EINT0_IRQHandler 00000078

Symbol: EINT0_IRQHandler
   Definitions
      At line 337 in file startup.s
   Uses
      At line 95 in file startup.s
      At line 301 in file startup.s

EINT1_IRQHandler 00000078

Symbol: EINT1_IRQHandler
   Definitions
      At line 338 in file startup.s
   Uses
      At line 96 in file startup.s
      At line 302 in file startup.s

EINT2_IRQHandler 00000078

Symbol: EINT2_IRQHandler
   Definitions
      At line 339 in file startup.s
   Uses
      At line 97 in file startup.s
      At line 303 in file startup.s

EINT3_IRQHandler 00000078

Symbol: EINT3_IRQHandler
   Definitions
      At line 340 in file startup.s
   Uses
      At line 98 in file startup.s
      At line 304 in file startup.s

ENET_IRQHandler 00000078

Symbol: ENET_IRQHandler



ARM Macro Assembler    Page 3 Alphabetic symbol ordering
Relocatable symbols

   Definitions
      At line 347 in file startup.s
   Uses
      At line 105 in file startup.s
      At line 311 in file startup.s

HardFault_Handler 00000068

Symbol: HardFault_Handler
   Definitions
      At line 244 in file startup.s
   Uses
      At line 62 in file startup.s
      At line 245 in file startup.s

I2C0_IRQHandler 00000078

Symbol: I2C0_IRQHandler
   Definitions
      At line 329 in file startup.s
   Uses
      At line 87 in file startup.s
      At line 293 in file startup.s

I2C1_IRQHandler 00000078

Symbol: I2C1_IRQHandler
   Definitions
      At line 330 in file startup.s
   Uses
      At line 88 in file startup.s
      At line 294 in file startup.s

I2C2_IRQHandler 00000078

Symbol: I2C2_IRQHandler
   Definitions
      At line 331 in file startup.s
   Uses
      At line 89 in file startup.s
      At line 295 in file startup.s

I2S_IRQHandler 00000078

Symbol: I2S_IRQHandler
   Definitions
      At line 346 in file startup.s
   Uses
      At line 104 in file startup.s
      At line 310 in file startup.s

MCPWM_IRQHandler 00000078

Symbol: MCPWM_IRQHandler
   Definitions
      At line 349 in file startup.s
   Uses
      At line 107 in file startup.s
      At line 313 in file startup.s



ARM Macro Assembler    Page 4 Alphabetic symbol ordering
Relocatable symbols


MemManage_Handler 0000006A

Symbol: MemManage_Handler
   Definitions
      At line 249 in file startup.s
   Uses
      At line 63 in file startup.s
      At line 250 in file startup.s

NMI_Handler 00000066

Symbol: NMI_Handler
   Definitions
      At line 239 in file startup.s
   Uses
      At line 61 in file startup.s
      At line 240 in file startup.s

PLL0_IRQHandler 00000078

Symbol: PLL0_IRQHandler
   Definitions
      At line 335 in file startup.s
   Uses
      At line 93 in file startup.s
      At line 299 in file startup.s

PLL1_IRQHandler 00000078

Symbol: PLL1_IRQHandler
   Definitions
      At line 351 in file startup.s
   Uses
      At line 109 in file startup.s
      At line 315 in file startup.s

PWM1_IRQHandler 00000078

Symbol: PWM1_IRQHandler
   Definitions
      At line 328 in file startup.s
   Uses
      At line 86 in file startup.s
      At line 292 in file startup.s

PendSV_Handler 00000074

Symbol: PendSV_Handler
   Definitions
      At line 272 in file startup.s
   Uses
      At line 73 in file startup.s
      At line 273 in file startup.s

QEI_IRQHandler 00000078

Symbol: QEI_IRQHandler
   Definitions



ARM Macro Assembler    Page 5 Alphabetic symbol ordering
Relocatable symbols

      At line 350 in file startup.s
   Uses
      At line 108 in file startup.s
      At line 314 in file startup.s

RIT_IRQHandler 00000078

Symbol: RIT_IRQHandler
   Definitions
      At line 348 in file startup.s
   Uses
      At line 106 in file startup.s
      At line 312 in file startup.s

RTC_IRQHandler 00000078

Symbol: RTC_IRQHandler
   Definitions
      At line 336 in file startup.s
   Uses
      At line 94 in file startup.s
      At line 300 in file startup.s

Reset_Handler 00000000

Symbol: Reset_Handler
   Definitions
      At line 129 in file startup.s
   Uses
      At line 60 in file startup.s
      At line 130 in file startup.s
      At line 131 in file startup.s

SPI_IRQHandler 00000078

Symbol: SPI_IRQHandler
   Definitions
      At line 332 in file startup.s
   Uses
      At line 90 in file startup.s
      At line 296 in file startup.s

SSP0_IRQHandler 00000078

Symbol: SSP0_IRQHandler
   Definitions
      At line 333 in file startup.s
   Uses
      At line 91 in file startup.s
      At line 297 in file startup.s

SSP1_IRQHandler 00000078

Symbol: SSP1_IRQHandler
   Definitions
      At line 334 in file startup.s
   Uses
      At line 92 in file startup.s
      At line 298 in file startup.s



ARM Macro Assembler    Page 6 Alphabetic symbol ordering
Relocatable symbols


SVC_Handler 00000070

Symbol: SVC_Handler
   Definitions
      At line 263 in file startup.s
   Uses
      At line 70 in file startup.s
      At line 264 in file startup.s

SysTick_Handler 00000076

Symbol: SysTick_Handler
   Definitions
      At line 276 in file startup.s
   Uses
      At line 74 in file startup.s
      At line 277 in file startup.s

TIMER0_IRQHandler 00000078

Symbol: TIMER0_IRQHandler
   Definitions
      At line 320 in file startup.s
   Uses
      At line 78 in file startup.s
      At line 284 in file startup.s

TIMER1_IRQHandler 00000078

Symbol: TIMER1_IRQHandler
   Definitions
      At line 321 in file startup.s
   Uses
      At line 79 in file startup.s
      At line 285 in file startup.s

TIMER2_IRQHandler 00000078

Symbol: TIMER2_IRQHandler
   Definitions
      At line 322 in file startup.s
   Uses
      At line 80 in file startup.s
      At line 286 in file startup.s

TIMER3_IRQHandler 00000078

Symbol: TIMER3_IRQHandler
   Definitions
      At line 323 in file startup.s
   Uses
      At line 81 in file startup.s
      At line 287 in file startup.s

UART0_IRQHandler 00000078

Symbol: UART0_IRQHandler
   Definitions



ARM Macro Assembler    Page 7 Alphabetic symbol ordering
Relocatable symbols

      At line 324 in file startup.s
   Uses
      At line 82 in file startup.s
      At line 288 in file startup.s

UART1_IRQHandler 00000078

Symbol: UART1_IRQHandler
   Definitions
      At line 325 in file startup.s
   Uses
      At line 83 in file startup.s
      At line 289 in file startup.s

UART2_IRQHandler 00000078

Symbol: UART2_IRQHandler
   Definitions
      At line 326 in file startup.s
   Uses
      At line 84 in file startup.s
      At line 290 in file startup.s

UART3_IRQHandler 00000078

Symbol: UART3_IRQHandler
   Definitions
      At line 327 in file startup.s
   Uses
      At line 85 in file startup.s
      At line 291 in file startup.s

USBActivity_IRQHandler 00000078

Symbol: USBActivity_IRQHandler
   Definitions
      At line 352 in file startup.s
   Uses
      At line 110 in file startup.s
      At line 316 in file startup.s

USB_IRQHandler 00000078

Symbol: USB_IRQHandler
   Definitions
      At line 343 in file startup.s
   Uses
      At line 101 in file startup.s
      At line 307 in file startup.s

UsageFault_Handler 0000006E

Symbol: UsageFault_Handler
   Definitions
      At line 259 in file startup.s
   Uses
      At line 65 in file startup.s
      At line 260 in file startup.s




ARM Macro Assembler    Page 8 Alphabetic symbol ordering
Relocatable symbols

WDT_IRQHandler 00000078

Symbol: WDT_IRQHandler
   Definitions
      At line 319 in file startup.s
   Uses
      At line 77 in file startup.s
      At line 283 in file startup.s

check 00000028

Symbol: check
   Definitions
      At line 203 in file startup.s
   Uses
      At line 200 in file startup.s
Comment: check used once
counter 00000042

Symbol: counter
   Definitions
      At line 215 in file startup.s
   Uses
      At line 226 in file startup.s
Comment: counter used once
exit 0000005A

Symbol: exit
   Definitions
      At line 228 in file startup.s
   Uses
      At line 194 in file startup.s
      At line 207 in file startup.s
      At line 218 in file startup.s
      At line 223 in file startup.s

loop 00000010

Symbol: loop
   Definitions
      At line 191 in file startup.s
   Uses
      At line 201 in file startup.s
      At line 211 in file startup.s

51 symbols



ARM Macro Assembler    Page 1 Alphabetic symbol ordering
Absolute symbols

Heap_Size 00000000

Symbol: Heap_Size
   Definitions
      At line 42 in file startup.s
   Uses
      At line 46 in file startup.s
Comment: Heap_Size used once
Stack_Size 00000200

Symbol: Stack_Size
   Definitions
      At line 31 in file startup.s
   Uses
      At line 34 in file startup.s
Comment: Stack_Size used once
2 symbols
406 symbols in table
